{"/home/travis/build/npmtest/node-npmtest-async/test.js":{"path":"/home/travis/build/npmtest/node-npmtest-async/test.js","s":{"1":2,"2":2,"3":2,"4":2,"5":2,"6":2,"7":2,"8":1,"9":2,"10":2,"11":1,"12":1,"13":1,"14":1,"15":2,"16":2,"17":2,"18":2,"19":1,"20":1,"21":2,"22":2,"23":2,"24":1,"25":1,"26":1,"27":1,"28":1,"29":1,"30":1,"31":1,"32":1,"33":1,"34":1,"35":1,"36":1,"37":1,"38":1,"39":2,"40":2,"41":1,"42":2,"43":2,"44":1,"45":2,"46":2,"47":1,"48":2,"49":2,"50":1,"51":1,"52":1,"53":1,"54":1},"b":{"1":[2,1,1,1],"2":[1,1,1,1],"3":[1,1],"4":[1,1],"5":[1,1],"6":[1,1],"7":[1,1],"8":[1,1],"9":[1,1],"10":[1,1,1],"11":[1,1],"12":[1,1],"13":[1,1],"14":[1,1],"15":[1,1],"16":[1,1],"17":[1,1]},"f":{"1":2,"2":2,"3":2,"4":2,"5":2,"6":1,"7":1,"8":1,"9":2,"10":2,"11":2,"12":2,"13":1},"fnMap":{"1":{"name":"(anonymous_1)","line":12,"loc":{"start":{"line":12,"column":1},"end":{"line":12,"column":13}}},"2":{"name":"(anonymous_2)","line":19,"loc":{"start":{"line":19,"column":5},"end":{"line":19,"column":17}}},"3":{"name":"(anonymous_3)","line":23,"loc":{"start":{"line":23,"column":24},"end":{"line":23,"column":36}}},"4":{"name":"(anonymous_4)","line":61,"loc":{"start":{"line":61,"column":5},"end":{"line":61,"column":17}}},"5":{"name":"(anonymous_5)","line":82,"loc":{"start":{"line":82,"column":5},"end":{"line":82,"column":17}}},"6":{"name":"(anonymous_6)","line":91,"loc":{"start":{"line":91,"column":77},"end":{"line":94,"column":10}}},"7":{"name":"(anonymous_7)","line":112,"loc":{"start":{"line":112,"column":83},"end":{"line":115,"column":10}},"skip":true},"8":{"name":"(anonymous_8)","line":123,"loc":{"start":{"line":123,"column":77},"end":{"line":126,"column":10}},"skip":true},"9":{"name":"(anonymous_9)","line":139,"loc":{"start":{"line":139,"column":12},"end":{"line":139,"column":40}},"skip":true},"10":{"name":"(anonymous_10)","line":147,"loc":{"start":{"line":147,"column":77},"end":{"line":150,"column":10}},"skip":true},"11":{"name":"(anonymous_11)","line":158,"loc":{"start":{"line":158,"column":83},"end":{"line":161,"column":10}},"skip":true},"12":{"name":"(anonymous_12)","line":169,"loc":{"start":{"line":169,"column":79},"end":{"line":172,"column":10}},"skip":true},"13":{"name":"(anonymous_13)","line":180,"loc":{"start":{"line":180,"column":75},"end":{"line":183,"column":10}},"skip":true}},"statementMap":{"1":{"start":{"line":12,"column":0},"end":{"line":195,"column":5}},"2":{"start":{"line":14,"column":4},"end":{"line":14,"column":14}},"3":{"start":{"line":19,"column":4},"end":{"line":56,"column":9}},"4":{"start":{"line":21,"column":8},"end":{"line":21,"column":19}},"5":{"start":{"line":23,"column":8},"end":{"line":35,"column":13}},"6":{"start":{"line":24,"column":12},"end":{"line":34,"column":13}},"7":{"start":{"line":25,"column":16},"end":{"line":28,"column":30}},"8":{"start":{"line":30,"column":16},"end":{"line":33,"column":27}},"9":{"start":{"line":37,"column":8},"end":{"line":39,"column":21}},"10":{"start":{"line":40,"column":8},"end":{"line":53,"column":9}},"11":{"start":{"line":43,"column":12},"end":{"line":46,"column":14}},"12":{"start":{"line":47,"column":12},"end":{"line":47,"column":18}},"13":{"start":{"line":50,"column":12},"end":{"line":51,"column":46}},"14":{"start":{"line":52,"column":12},"end":{"line":52,"column":18}},"15":{"start":{"line":55,"column":8},"end":{"line":55,"column":35}},"16":{"start":{"line":61,"column":4},"end":{"line":63,"column":9}},"17":{"start":{"line":62,"column":8},"end":{"line":62,"column":15}},"18":{"start":{"line":64,"column":4},"end":{"line":77,"column":5}},"19":{"start":{"line":70,"column":8},"end":{"line":70,"column":14}},"20":{"start":{"line":76,"column":8},"end":{"line":76,"column":14}},"21":{"start":{"line":82,"column":4},"end":{"line":84,"column":9}},"22":{"start":{"line":83,"column":8},"end":{"line":83,"column":15}},"23":{"start":{"line":85,"column":4},"end":{"line":194,"column":5}},"24":{"start":{"line":91,"column":8},"end":{"line":99,"column":10}},"25":{"start":{"line":98,"column":12},"end":{"line":98,"column":35}},"26":{"start":{"line":102,"column":8},"end":{"line":104,"column":63}},"27":{"start":{"line":105,"column":8},"end":{"line":105,"column":14}},"28":{"start":{"line":112,"column":8},"end":{"line":121,"column":10},"skip":true},"29":{"start":{"line":119,"column":12},"end":{"line":119,"column":55},"skip":true},"30":{"start":{"line":120,"column":12},"end":{"line":120,"column":48},"skip":true},"31":{"start":{"line":123,"column":8},"end":{"line":136,"column":10},"skip":true},"32":{"start":{"line":130,"column":12},"end":{"line":130,"column":76},"skip":true},"33":{"start":{"line":131,"column":12},"end":{"line":131,"column":73},"skip":true},"34":{"start":{"line":132,"column":12},"end":{"line":132,"column":74},"skip":true},"35":{"start":{"line":133,"column":12},"end":{"line":133,"column":79},"skip":true},"36":{"start":{"line":134,"column":12},"end":{"line":134,"column":25},"skip":true},"37":{"start":{"line":135,"column":12},"end":{"line":135,"column":45},"skip":true},"38":{"start":{"line":138,"column":8},"end":{"line":145,"column":14},"skip":true},"39":{"start":{"line":143,"column":16},"end":{"line":143,"column":29},"skip":true},"40":{"start":{"line":144,"column":16},"end":{"line":144,"column":55},"skip":true},"41":{"start":{"line":147,"column":8},"end":{"line":156,"column":10},"skip":true},"42":{"start":{"line":154,"column":12},"end":{"line":154,"column":25},"skip":true},"43":{"start":{"line":155,"column":12},"end":{"line":155,"column":45},"skip":true},"44":{"start":{"line":158,"column":8},"end":{"line":167,"column":10},"skip":true},"45":{"start":{"line":165,"column":12},"end":{"line":165,"column":25},"skip":true},"46":{"start":{"line":166,"column":12},"end":{"line":166,"column":48},"skip":true},"47":{"start":{"line":169,"column":8},"end":{"line":178,"column":10},"skip":true},"48":{"start":{"line":176,"column":12},"end":{"line":176,"column":25},"skip":true},"49":{"start":{"line":177,"column":12},"end":{"line":177,"column":46},"skip":true},"50":{"start":{"line":180,"column":8},"end":{"line":189,"column":10},"skip":true},"51":{"start":{"line":187,"column":12},"end":{"line":187,"column":94},"skip":true},"52":{"start":{"line":188,"column":12},"end":{"line":188,"column":48},"skip":true},"53":{"start":{"line":192,"column":8},"end":{"line":192,"column":35},"skip":true},"54":{"start":{"line":193,"column":8},"end":{"line":193,"column":14},"skip":true}},"branchMap":{"1":{"line":25,"type":"binary-expr","locations":[{"start":{"line":25,"column":23},"end":{"line":25,"column":62}},{"start":{"line":26,"column":20},"end":{"line":26,"column":70}},{"start":{"line":27,"column":20},"end":{"line":27,"column":71}},{"start":{"line":28,"column":20},"end":{"line":28,"column":29}}]},"2":{"line":30,"type":"binary-expr","locations":[{"start":{"line":30,"column":23},"end":{"line":30,"column":37}},{"start":{"line":31,"column":20},"end":{"line":31,"column":61}},{"start":{"line":32,"column":20},"end":{"line":32,"column":70}},{"start":{"line":33,"column":20},"end":{"line":33,"column":26}}]},"3":{"line":37,"type":"cond-expr","locations":[{"start":{"line":38,"column":14},"end":{"line":38,"column":20}},{"start":{"line":39,"column":14},"end":{"line":39,"column":20}}]},"4":{"line":40,"type":"switch","locations":[{"start":{"line":42,"column":8},"end":{"line":47,"column":18}},{"start":{"line":49,"column":8},"end":{"line":52,"column":18}}]},"5":{"line":44,"type":"binary-expr","locations":[{"start":{"line":44,"column":16},"end":{"line":44,"column":44}},{"start":{"line":44,"column":48},"end":{"line":44,"column":66}}]},"6":{"line":50,"type":"binary-expr","locations":[{"start":{"line":50,"column":21},"end":{"line":50,"column":49}},{"start":{"line":50,"column":53},"end":{"line":50,"column":72}}]},"7":{"line":64,"type":"switch","locations":[{"start":{"line":69,"column":4},"end":{"line":70,"column":14}},{"start":{"line":75,"column":4},"end":{"line":76,"column":14}}]},"8":{"line":85,"type":"switch","locations":[{"start":{"line":90,"column":4},"end":{"line":105,"column":14}},{"start":{"line":111,"column":4},"end":{"line":193,"column":14},"skip":true}]},"9":{"line":91,"type":"binary-expr","locations":[{"start":{"line":91,"column":42},"end":{"line":91,"column":73}},{"start":{"line":91,"column":77},"end":{"line":99,"column":9}}]},"10":{"line":102,"type":"binary-expr","locations":[{"start":{"line":102,"column":18},"end":{"line":102,"column":32}},{"start":{"line":103,"column":12},"end":{"line":103,"column":53}},{"start":{"line":104,"column":12},"end":{"line":104,"column":61}}]},"11":{"line":112,"type":"binary-expr","locations":[{"start":{"line":112,"column":45},"end":{"line":112,"column":79},"skip":true},{"start":{"line":112,"column":83},"end":{"line":121,"column":9},"skip":true}]},"12":{"line":123,"type":"binary-expr","locations":[{"start":{"line":123,"column":42},"end":{"line":123,"column":73},"skip":true},{"start":{"line":123,"column":77},"end":{"line":136,"column":9},"skip":true}]},"13":{"line":138,"type":"binary-expr","locations":[{"start":{"line":138,"column":48},"end":{"line":138,"column":85},"skip":true},{"start":{"line":139,"column":12},"end":{"line":145,"column":13},"skip":true}]},"14":{"line":147,"type":"binary-expr","locations":[{"start":{"line":147,"column":42},"end":{"line":147,"column":73},"skip":true},{"start":{"line":147,"column":77},"end":{"line":156,"column":9},"skip":true}]},"15":{"line":158,"type":"binary-expr","locations":[{"start":{"line":158,"column":45},"end":{"line":158,"column":79},"skip":true},{"start":{"line":158,"column":83},"end":{"line":167,"column":9},"skip":true}]},"16":{"line":169,"type":"binary-expr","locations":[{"start":{"line":169,"column":43},"end":{"line":169,"column":75},"skip":true},{"start":{"line":169,"column":79},"end":{"line":178,"column":9},"skip":true}]},"17":{"line":180,"type":"binary-expr","locations":[{"start":{"line":180,"column":41},"end":{"line":180,"column":71},"skip":true},{"start":{"line":180,"column":75},"end":{"line":189,"column":9},"skip":true}]}},"code":["/* istanbul instrument in package npmtest_async */","/*jslint","    bitwise: true,","    browser: true,","    maxerr: 8,","    maxlen: 96,","    node: true,","    nomen: true,","    regexp: true,","    stupid: true","*/","(function () {","    'use strict';","    var local;","","","","    // run shared js-env code - pre-init","    (function () {","        // init local","        local = {};","        // init modeJs","        local.modeJs = (function () {","            try {","                return typeof navigator.userAgent === 'string' &&","                    typeof document.querySelector('body') === 'object' &&","                    typeof XMLHttpRequest.prototype.open === 'function' &&","                    'browser';","            } catch (errorCaughtBrowser) {","                return module.exports &&","                    typeof process.versions.node === 'string' &&","                    typeof require('http').createServer === 'function' &&","                    'node';","            }","        }());","        // init global","        local.global = local.modeJs === 'browser'","            ? window","            : global;","        switch (local.modeJs) {","        // re-init local from window.local","        case 'browser':","            local = local.global.utility2.objectSetDefault(","                local.global.utility2_rollup || local.global.local,","                local.global.utility2","            );","            break;","        // re-init local from example.js","        case 'node':","            local = (local.global.utility2_rollup || require('utility2'))","                .requireExampleJsFromReadme();","            break;","        }","        // export local","        local.global.local = local;","    }());","","","","    // run shared js-env code - function","    (function () {","        return;","    }());","    switch (local.modeJs) {","","","","    // run browser js-env code - function","    case 'browser':","        break;","","","","    // run node js-env code - function","    case 'node':","        break;","    }","","","","    // run shared js-env code - post-init","    (function () {","        return;","    }());","    switch (local.modeJs) {","","","","    // run browser js-env code - post-init","    case 'browser':","        local.testCase_browser_nullCase = local.testCase_browser_nullCase || function (","            options,","            onError","        ) {","        /*","         * this function will test browsers's null-case handling-behavior-behavior","         */","            onError(null, options);","        };","","        // run tests","        local.nop(local.modeTest &&","            document.querySelector('#testRunButton1') &&","            document.querySelector('#testRunButton1').click());","        break;","","","","    // run node js-env code - post-init","    /* istanbul ignore next */","    case 'node':","        local.testCase_buildApidoc_default = local.testCase_buildApidoc_default || function (","            options,","            onError","        ) {","        /*","         * this function will test buildApidoc's default handling-behavior-behavior","         */","            options = { modulePathList: module.paths };","            local.buildApidoc(options, onError);","        };","","        local.testCase_buildApp_default = local.testCase_buildApp_default || function (","            options,","            onError","        ) {","        /*","         * this function will test buildApp's default handling-behavior-behavior","         */","            local.testCase_buildReadme_default(options, local.onErrorThrow);","            local.testCase_buildLib_default(options, local.onErrorThrow);","            local.testCase_buildTest_default(options, local.onErrorThrow);","            local.testCase_buildCustomOrg_default(options, local.onErrorThrow);","            options = [];","            local.buildApp(options, onError);","        };","","        local.testCase_buildCustomOrg_default = local.testCase_buildCustomOrg_default ||","            function (options, onError) {","            /*","             * this function will test buildCustomOrg's default handling-behavior","             */","                options = {};","                local.buildCustomOrg(options, onError);","            };","","        local.testCase_buildLib_default = local.testCase_buildLib_default || function (","            options,","            onError","        ) {","        /*","         * this function will test buildLib's default handling-behavior","         */","            options = {};","            local.buildLib(options, onError);","        };","","        local.testCase_buildReadme_default = local.testCase_buildReadme_default || function (","            options,","            onError","        ) {","        /*","         * this function will test buildReadme's default handling-behavior-behavior","         */","            options = {};","            local.buildReadme(options, onError);","        };","","        local.testCase_buildTest_default = local.testCase_buildTest_default || function (","            options,","            onError","        ) {","        /*","         * this function will test buildTest's default handling-behavior","         */","            options = {};","            local.buildTest(options, onError);","        };","","        local.testCase_webpage_default = local.testCase_webpage_default || function (","            options,","            onError","        ) {","        /*","         * this function will test webpage's default handling-behavior","         */","            options = { modeCoverageMerge: true, url: local.serverLocalHost + '?modeTest=1' };","            local.browserTest(options, onError);","        };","","        // run test-server","        local.testRunServer(local);","        break;","    }","}());",""],"l":{"12":2,"14":2,"19":2,"21":2,"23":2,"24":2,"25":2,"30":1,"37":2,"40":2,"43":1,"47":1,"50":1,"52":1,"55":2,"61":2,"62":2,"64":2,"70":1,"76":1,"82":2,"83":2,"85":2,"91":1,"98":1,"102":1,"105":1,"112":1,"119":1,"120":1,"123":1,"130":1,"131":1,"132":1,"133":1,"134":1,"135":1,"138":1,"143":2,"144":2,"147":1,"154":2,"155":2,"158":1,"165":2,"166":2,"169":1,"176":2,"177":2,"180":1,"187":1,"188":1,"192":1,"193":1}},"/home/travis/build/npmtest/node-npmtest-async/lib.npmtest_async.js":{"path":"/home/travis/build/npmtest/node-npmtest-async/lib.npmtest_async.js","s":{"1":2,"2":2,"3":2,"4":2,"5":2,"6":2,"7":2,"8":1,"9":2,"10":2,"11":2,"12":2,"13":1,"14":1,"15":1,"16":1},"b":{"1":[2,1,1,1],"2":[1,1,1,1],"3":[1,1],"4":[2,2],"5":[1,1]},"f":{"1":2,"2":2,"3":2},"fnMap":{"1":{"name":"(anonymous_1)","line":12,"loc":{"start":{"line":12,"column":1},"end":{"line":12,"column":13}}},"2":{"name":"(anonymous_2)","line":19,"loc":{"start":{"line":19,"column":5},"end":{"line":19,"column":17}}},"3":{"name":"(anonymous_3)","line":23,"loc":{"start":{"line":23,"column":24},"end":{"line":23,"column":36}}}},"statementMap":{"1":{"start":{"line":12,"column":0},"end":{"line":53,"column":5}},"2":{"start":{"line":14,"column":4},"end":{"line":14,"column":14}},"3":{"start":{"line":19,"column":4},"end":{"line":52,"column":9}},"4":{"start":{"line":21,"column":8},"end":{"line":21,"column":19}},"5":{"start":{"line":23,"column":8},"end":{"line":35,"column":13}},"6":{"start":{"line":24,"column":12},"end":{"line":34,"column":13}},"7":{"start":{"line":25,"column":16},"end":{"line":28,"column":30}},"8":{"start":{"line":30,"column":16},"end":{"line":33,"column":27}},"9":{"start":{"line":37,"column":8},"end":{"line":39,"column":21}},"10":{"start":{"line":41,"column":8},"end":{"line":41,"column":54}},"11":{"start":{"line":43,"column":8},"end":{"line":43,"column":50}},"12":{"start":{"line":45,"column":8},"end":{"line":51,"column":9}},"13":{"start":{"line":46,"column":12},"end":{"line":46,"column":56}},"14":{"start":{"line":48,"column":12},"end":{"line":48,"column":35}},"15":{"start":{"line":49,"column":12},"end":{"line":49,"column":49}},"16":{"start":{"line":50,"column":12},"end":{"line":50,"column":43}}},"branchMap":{"1":{"line":25,"type":"binary-expr","locations":[{"start":{"line":25,"column":23},"end":{"line":25,"column":62}},{"start":{"line":26,"column":20},"end":{"line":26,"column":70}},{"start":{"line":27,"column":20},"end":{"line":27,"column":71}},{"start":{"line":28,"column":20},"end":{"line":28,"column":29}}]},"2":{"line":30,"type":"binary-expr","locations":[{"start":{"line":30,"column":23},"end":{"line":30,"column":37}},{"start":{"line":31,"column":20},"end":{"line":31,"column":61}},{"start":{"line":32,"column":20},"end":{"line":32,"column":70}},{"start":{"line":33,"column":20},"end":{"line":33,"column":26}}]},"3":{"line":37,"type":"cond-expr","locations":[{"start":{"line":38,"column":14},"end":{"line":38,"column":20}},{"start":{"line":39,"column":14},"end":{"line":39,"column":20}}]},"4":{"line":41,"type":"binary-expr","locations":[{"start":{"line":41,"column":16},"end":{"line":41,"column":44}},{"start":{"line":41,"column":48},"end":{"line":41,"column":53}}]},"5":{"line":45,"type":"if","locations":[{"start":{"line":45,"column":8},"end":{"line":45,"column":8}},{"start":{"line":45,"column":8},"end":{"line":45,"column":8}}]}},"code":["/* istanbul instrument in package npmtest_async */","/*jslint","    bitwise: true,","    browser: true,","    maxerr: 8,","    maxlen: 96,","    node: true,","    nomen: true,","    regexp: true,","    stupid: true","*/","(function () {","    'use strict';","    var local;","","","","    // run shared js-env code - pre-init","    (function () {","        // init local","        local = {};","        // init modeJs","        local.modeJs = (function () {","            try {","                return typeof navigator.userAgent === 'string' &&","                    typeof document.querySelector('body') === 'object' &&","                    typeof XMLHttpRequest.prototype.open === 'function' &&","                    'browser';","            } catch (errorCaughtBrowser) {","                return module.exports &&","                    typeof process.versions.node === 'string' &&","                    typeof require('http').createServer === 'function' &&","                    'node';","            }","        }());","        // init global","        local.global = local.modeJs === 'browser'","            ? window","            : global;","        // init utility2_rollup","        local = local.global.utility2_rollup || local;","        // init lib","        local.local = local.npmtest_async = local;","        // init exports","        if (local.modeJs === 'browser') {","            local.global.utility2_npmtest_async = local;","        } else {","            module.exports = local;","            module.exports.__dirname = __dirname;","            module.exports.module = module;","        }","    }());","}());",""],"l":{"12":2,"14":2,"19":2,"21":2,"23":2,"24":2,"25":2,"30":1,"37":2,"41":2,"43":2,"45":2,"46":1,"48":1,"49":1,"50":1}},"/home/travis/build/npmtest/node-npmtest-async/example.js":{"path":"/home/travis/build/npmtest/node-npmtest-async/example.js","s":{"1":2,"2":2,"3":2,"4":2,"5":2,"6":2,"7":2,"8":1,"9":2,"10":2,"11":2,"12":2,"13":1,"14":2,"15":2,"16":2,"17":2,"18":2,"19":0,"20":2,"21":1,"22":1,"23":1,"24":1,"25":1,"26":0,"27":0,"28":1,"29":1,"30":2,"31":0,"32":0,"33":0,"34":1,"35":2,"36":2,"37":3,"38":3,"39":3,"40":3,"41":0,"42":3,"43":3,"44":3,"45":1,"46":3,"47":1,"48":1,"49":1,"50":1,"51":1,"52":1,"53":1,"54":1,"55":1,"56":1,"57":0,"58":1,"59":6,"60":6,"61":1,"62":2,"63":0,"64":2,"65":1,"66":1,"67":0,"68":0,"69":0,"70":0,"71":0,"72":0,"73":0,"74":0,"75":0,"76":0,"77":0,"78":0,"79":0,"80":0,"81":0,"82":0,"83":0},"b":{"1":[2,1,1,1],"2":[1,1,1,1],"3":[1,1],"4":[2,2],"5":[1,1],"6":[1,1],"7":[2,0],"8":[2,1,1,1,1,1],"9":[0,2,0],"10":[1,1],"11":[2,1,1],"12":[1,0],"13":[0,2],"14":[2,0,0,0,0,0,0],"15":[0,3],"16":[3,0],"17":[1,1],"18":[0,1],"19":[1,2,0,2],"20":[1,0],"21":[1,1],"22":[0,0],"23":[0,0],"24":[0,0],"25":[0,0],"26":[0,0],"27":[0,0],"28":[0,0]},"f":{"1":2,"2":2,"3":2,"4":2,"5":2,"6":2,"7":3,"8":3,"9":3,"10":1,"11":6,"12":0},"fnMap":{"1":{"name":"(anonymous_1)","line":26,"loc":{"start":{"line":26,"column":1},"end":{"line":26,"column":13}}},"2":{"name":"(anonymous_2)","line":33,"loc":{"start":{"line":33,"column":5},"end":{"line":33,"column":17}}},"3":{"name":"(anonymous_3)","line":37,"loc":{"start":{"line":37,"column":24},"end":{"line":37,"column":36}}},"4":{"name":"(anonymous_4)","line":69,"loc":{"start":{"line":69,"column":31},"end":{"line":69,"column":48}},"skip":true},"5":{"name":"(anonymous_5)","line":78,"loc":{"start":{"line":78,"column":26},"end":{"line":78,"column":45}},"skip":true},"6":{"name":"(anonymous_6)","line":123,"loc":{"start":{"line":123,"column":33},"end":{"line":123,"column":48}},"skip":true},"7":{"name":"(anonymous_7)","line":125,"loc":{"start":{"line":125,"column":27},"end":{"line":125,"column":39}},"skip":true},"8":{"name":"(anonymous_8)","line":133,"loc":{"start":{"line":133,"column":59},"end":{"line":133,"column":74}},"skip":true},"9":{"name":"(anonymous_9)","line":143,"loc":{"start":{"line":143,"column":45},"end":{"line":143,"column":62}},"skip":true},"10":{"name":"(anonymous_10)","line":144,"loc":{"start":{"line":144,"column":73},"end":{"line":144,"column":92}},"skip":true},"11":{"name":"(anonymous_11)","line":272,"loc":{"start":{"line":272,"column":51},"end":{"line":272,"column":77}},"skip":true},"12":{"name":"(anonymous_12)","line":315,"loc":{"start":{"line":315,"column":32},"end":{"line":315,"column":61}},"skip":true}},"statementMap":{"1":{"start":{"line":26,"column":0},"end":{"line":326,"column":5}},"2":{"start":{"line":28,"column":4},"end":{"line":28,"column":14}},"3":{"start":{"line":33,"column":4},"end":{"line":60,"column":9}},"4":{"start":{"line":35,"column":8},"end":{"line":35,"column":19}},"5":{"start":{"line":37,"column":8},"end":{"line":49,"column":13}},"6":{"start":{"line":38,"column":12},"end":{"line":48,"column":13}},"7":{"start":{"line":39,"column":16},"end":{"line":42,"column":30}},"8":{"start":{"line":44,"column":16},"end":{"line":47,"column":27}},"9":{"start":{"line":51,"column":8},"end":{"line":53,"column":21}},"10":{"start":{"line":55,"column":8},"end":{"line":57,"column":45}},"11":{"start":{"line":59,"column":8},"end":{"line":59,"column":35}},"12":{"start":{"line":61,"column":4},"end":{"line":325,"column":5}},"13":{"start":{"line":69,"column":8},"end":{"line":121,"column":10},"skip":true},"14":{"start":{"line":70,"column":12},"end":{"line":88,"column":13},"skip":true},"15":{"start":{"line":76,"column":16},"end":{"line":87,"column":19},"skip":true},"16":{"start":{"line":79,"column":20},"end":{"line":86,"column":21},"skip":true},"17":{"start":{"line":82,"column":24},"end":{"line":82,"column":43},"skip":true},"18":{"start":{"line":83,"column":24},"end":{"line":83,"column":30},"skip":true},"19":{"start":{"line":85,"column":24},"end":{"line":85,"column":49},"skip":true},"20":{"start":{"line":89,"column":12},"end":{"line":107,"column":13},"skip":true},"21":{"start":{"line":92,"column":16},"end":{"line":102,"column":17},"skip":true},"22":{"start":{"line":93,"column":20},"end":{"line":93,"column":86},"skip":true},"23":{"start":{"line":94,"column":20},"end":{"line":95,"column":45},"skip":true},"24":{"start":{"line":96,"column":20},"end":{"line":96,"column":42},"skip":true},"25":{"start":{"line":97,"column":20},"end":{"line":97,"column":48},"skip":true},"26":{"start":{"line":100,"column":20},"end":{"line":100,"column":85},"skip":true},"27":{"start":{"line":101,"column":20},"end":{"line":101,"column":96},"skip":true},"28":{"start":{"line":103,"column":16},"end":{"line":103,"column":22},"skip":true},"29":{"start":{"line":106,"column":16},"end":{"line":106,"column":22},"skip":true},"30":{"start":{"line":108,"column":12},"end":{"line":120,"column":13},"skip":true},"31":{"start":{"line":114,"column":16},"end":{"line":119,"column":17},"skip":true},"32":{"start":{"line":116,"column":20},"end":{"line":116,"column":78},"skip":true},"33":{"start":{"line":118,"column":20},"end":{"line":118,"column":47},"skip":true},"34":{"start":{"line":123,"column":8},"end":{"line":141,"column":11},"skip":true},"35":{"start":{"line":124,"column":12},"end":{"line":124,"column":54},"skip":true},"36":{"start":{"line":125,"column":12},"end":{"line":140,"column":14},"skip":true},"37":{"start":{"line":126,"column":16},"end":{"line":126,"column":28},"skip":true},"38":{"start":{"line":127,"column":16},"end":{"line":127,"column":69},"skip":true},"39":{"start":{"line":128,"column":16},"end":{"line":128,"column":75},"skip":true},"40":{"start":{"line":129,"column":16},"end":{"line":131,"column":17},"skip":true},"41":{"start":{"line":130,"column":20},"end":{"line":130,"column":27},"skip":true},"42":{"start":{"line":133,"column":16},"end":{"line":137,"column":36},"skip":true},"43":{"start":{"line":134,"column":20},"end":{"line":136,"column":55},"skip":true},"44":{"start":{"line":139,"column":16},"end":{"line":139,"column":57},"skip":true},"45":{"start":{"line":143,"column":8},"end":{"line":147,"column":11},"skip":true},"46":{"start":{"line":144,"column":12},"end":{"line":146,"column":15},"skip":true},"47":{"start":{"line":145,"column":16},"end":{"line":145,"column":70},"skip":true},"48":{"start":{"line":149,"column":8},"end":{"line":149,"column":31},"skip":true},"49":{"start":{"line":150,"column":8},"end":{"line":150,"column":14},"skip":true},"50":{"start":{"line":158,"column":8},"end":{"line":158,"column":31},"skip":true},"51":{"start":{"line":160,"column":8},"end":{"line":160,"column":33},"skip":true},"52":{"start":{"line":161,"column":8},"end":{"line":161,"column":37},"skip":true},"53":{"start":{"line":162,"column":8},"end":{"line":162,"column":35},"skip":true},"54":{"start":{"line":164,"column":8},"end":{"line":164,"column":50},"skip":true},"55":{"start":{"line":166,"column":8},"end":{"line":256,"column":2},"skip":true},"56":{"start":{"line":258,"column":8},"end":{"line":286,"column":9},"skip":true},"57":{"start":{"line":259,"column":12},"end":{"line":269,"column":14},"skip":true},"58":{"start":{"line":271,"column":12},"end":{"line":285,"column":19},"skip":true},"59":{"start":{"line":274,"column":20},"end":{"line":274,"column":35},"skip":true},"60":{"start":{"line":275,"column":20},"end":{"line":284,"column":21},"skip":true},"61":{"start":{"line":277,"column":24},"end":{"line":277,"column":64},"skip":true},"62":{"start":{"line":279,"column":24},"end":{"line":279,"column":40},"skip":true},"63":{"start":{"line":281,"column":24},"end":{"line":281,"column":40},"skip":true},"64":{"start":{"line":283,"column":24},"end":{"line":283,"column":39},"skip":true},"65":{"start":{"line":288,"column":8},"end":{"line":290,"column":9},"skip":true},"66":{"start":{"line":289,"column":12},"end":{"line":289,"column":18},"skip":true},"67":{"start":{"line":291,"column":8},"end":{"line":293,"column":54},"skip":true},"68":{"start":{"line":296,"column":8},"end":{"line":301,"column":37},"skip":true},"69":{"start":{"line":303,"column":8},"end":{"line":303,"column":82},"skip":true},"70":{"start":{"line":306,"column":8},"end":{"line":308,"column":9},"skip":true},"71":{"start":{"line":307,"column":12},"end":{"line":307,"column":82},"skip":true},"72":{"start":{"line":310,"column":8},"end":{"line":312,"column":9},"skip":true},"73":{"start":{"line":311,"column":12},"end":{"line":311,"column":18},"skip":true},"74":{"start":{"line":313,"column":8},"end":{"line":313,"column":54},"skip":true},"75":{"start":{"line":314,"column":8},"end":{"line":314,"column":69},"skip":true},"76":{"start":{"line":315,"column":8},"end":{"line":323,"column":36},"skip":true},"77":{"start":{"line":316,"column":12},"end":{"line":316,"column":61},"skip":true},"78":{"start":{"line":317,"column":12},"end":{"line":320,"column":13},"skip":true},"79":{"start":{"line":318,"column":16},"end":{"line":318,"column":75},"skip":true},"80":{"start":{"line":319,"column":16},"end":{"line":319,"column":23},"skip":true},"81":{"start":{"line":321,"column":12},"end":{"line":321,"column":38},"skip":true},"82":{"start":{"line":322,"column":12},"end":{"line":322,"column":27},"skip":true},"83":{"start":{"line":324,"column":8},"end":{"line":324,"column":14},"skip":true}},"branchMap":{"1":{"line":39,"type":"binary-expr","locations":[{"start":{"line":39,"column":23},"end":{"line":39,"column":62}},{"start":{"line":40,"column":20},"end":{"line":40,"column":70}},{"start":{"line":41,"column":20},"end":{"line":41,"column":71}},{"start":{"line":42,"column":20},"end":{"line":42,"column":29}}]},"2":{"line":44,"type":"binary-expr","locations":[{"start":{"line":44,"column":23},"end":{"line":44,"column":37}},{"start":{"line":45,"column":20},"end":{"line":45,"column":61}},{"start":{"line":46,"column":20},"end":{"line":46,"column":70}},{"start":{"line":47,"column":20},"end":{"line":47,"column":26}}]},"3":{"line":51,"type":"cond-expr","locations":[{"start":{"line":52,"column":14},"end":{"line":52,"column":20}},{"start":{"line":53,"column":14},"end":{"line":53,"column":20}}]},"4":{"line":55,"type":"binary-expr","locations":[{"start":{"line":55,"column":16},"end":{"line":55,"column":44}},{"start":{"line":55,"column":49},"end":{"line":57,"column":43}}]},"5":{"line":55,"type":"cond-expr","locations":[{"start":{"line":56,"column":14},"end":{"line":56,"column":49}},{"start":{"line":57,"column":14},"end":{"line":57,"column":43}}]},"6":{"line":61,"type":"switch","locations":[{"start":{"line":68,"column":4},"end":{"line":150,"column":14},"skip":true},{"start":{"line":156,"column":4},"end":{"line":324,"column":14},"skip":true}]},"7":{"line":70,"type":"if","locations":[{"start":{"line":70,"column":12},"end":{"line":70,"column":12},"skip":true},{"start":{"line":70,"column":12},"end":{"line":70,"column":12},"skip":true}]},"8":{"line":70,"type":"binary-expr","locations":[{"start":{"line":70,"column":16},"end":{"line":70,"column":22},"skip":true},{"start":{"line":70,"column":27},"end":{"line":70,"column":32},"skip":true},{"start":{"line":71,"column":20},"end":{"line":71,"column":39},"skip":true},{"start":{"line":72,"column":20},"end":{"line":72,"column":49},"skip":true},{"start":{"line":73,"column":20},"end":{"line":73,"column":58},"skip":true},{"start":{"line":74,"column":20},"end":{"line":74,"column":69},"skip":true}]},"9":{"line":79,"type":"switch","locations":[{"start":{"line":80,"column":20},"end":{"line":80,"column":33},"skip":true},{"start":{"line":81,"column":20},"end":{"line":83,"column":30},"skip":true},{"start":{"line":84,"column":20},"end":{"line":85,"column":49},"skip":true}]},"10":{"line":89,"type":"switch","locations":[{"start":{"line":90,"column":12},"end":{"line":103,"column":22},"skip":true},{"start":{"line":105,"column":12},"end":{"line":106,"column":22},"skip":true}]},"11":{"line":89,"type":"binary-expr","locations":[{"start":{"line":89,"column":20},"end":{"line":89,"column":25},"skip":true},{"start":{"line":89,"column":29},"end":{"line":89,"column":48},"skip":true},{"start":{"line":89,"column":52},"end":{"line":89,"column":74},"skip":true}]},"12":{"line":92,"type":"if","locations":[{"start":{"line":92,"column":16},"end":{"line":92,"column":16},"skip":true},{"start":{"line":92,"column":16},"end":{"line":92,"column":16},"skip":true}]},"13":{"line":108,"type":"if","locations":[{"start":{"line":108,"column":12},"end":{"line":108,"column":12},"skip":true},{"start":{"line":108,"column":12},"end":{"line":108,"column":12},"skip":true}]},"14":{"line":108,"type":"binary-expr","locations":[{"start":{"line":108,"column":16},"end":{"line":108,"column":61},"skip":true},{"start":{"line":108,"column":66},"end":{"line":108,"column":72},"skip":true},{"start":{"line":108,"column":77},"end":{"line":108,"column":82},"skip":true},{"start":{"line":109,"column":20},"end":{"line":109,"column":39},"skip":true},{"start":{"line":110,"column":20},"end":{"line":110,"column":49},"skip":true},{"start":{"line":111,"column":20},"end":{"line":111,"column":58},"skip":true},{"start":{"line":112,"column":20},"end":{"line":112,"column":68},"skip":true}]},"15":{"line":129,"type":"if","locations":[{"start":{"line":129,"column":16},"end":{"line":129,"column":16},"skip":true},{"start":{"line":129,"column":16},"end":{"line":129,"column":16},"skip":true}]},"16":{"line":134,"type":"cond-expr","locations":[{"start":{"line":135,"column":26},"end":{"line":135,"column":29},"skip":true},{"start":{"line":136,"column":26},"end":{"line":136,"column":54},"skip":true}]},"17":{"line":164,"type":"binary-expr","locations":[{"start":{"line":164,"column":27},"end":{"line":164,"column":43},"skip":true},{"start":{"line":164,"column":47},"end":{"line":164,"column":49},"skip":true}]},"18":{"line":258,"type":"if","locations":[{"start":{"line":258,"column":8},"end":{"line":258,"column":8},"skip":true},{"start":{"line":258,"column":8},"end":{"line":258,"column":8},"skip":true}]},"19":{"line":275,"type":"switch","locations":[{"start":{"line":276,"column":20},"end":{"line":277,"column":64},"skip":true},{"start":{"line":278,"column":20},"end":{"line":279,"column":40},"skip":true},{"start":{"line":280,"column":20},"end":{"line":281,"column":40},"skip":true},{"start":{"line":282,"column":20},"end":{"line":283,"column":39},"skip":true}]},"20":{"line":288,"type":"if","locations":[{"start":{"line":288,"column":8},"end":{"line":288,"column":8},"skip":true},{"start":{"line":288,"column":8},"end":{"line":288,"column":8},"skip":true}]},"21":{"line":288,"type":"binary-expr","locations":[{"start":{"line":288,"column":12},"end":{"line":288,"column":40},"skip":true},{"start":{"line":288,"column":44},"end":{"line":288,"column":67},"skip":true}]},"22":{"line":292,"type":"binary-expr","locations":[{"start":{"line":292,"column":12},"end":{"line":292,"column":50},"skip":true},{"start":{"line":293,"column":12},"end":{"line":293,"column":53},"skip":true}]},"23":{"line":297,"type":"binary-expr","locations":[{"start":{"line":297,"column":12},"end":{"line":297,"column":63},"skip":true},{"start":{"line":298,"column":12},"end":{"line":301,"column":36},"skip":true}]},"24":{"line":303,"type":"binary-expr","locations":[{"start":{"line":303,"column":43},"end":{"line":303,"column":75},"skip":true},{"start":{"line":303,"column":79},"end":{"line":303,"column":81},"skip":true}]},"25":{"line":306,"type":"if","locations":[{"start":{"line":306,"column":8},"end":{"line":306,"column":8},"skip":true},{"start":{"line":306,"column":8},"end":{"line":306,"column":8},"skip":true}]},"26":{"line":310,"type":"if","locations":[{"start":{"line":310,"column":8},"end":{"line":310,"column":8},"skip":true},{"start":{"line":310,"column":8},"end":{"line":310,"column":8},"skip":true}]},"27":{"line":313,"type":"binary-expr","locations":[{"start":{"line":313,"column":27},"end":{"line":313,"column":43},"skip":true},{"start":{"line":313,"column":47},"end":{"line":313,"column":53},"skip":true}]},"28":{"line":317,"type":"if","locations":[{"start":{"line":317,"column":12},"end":{"line":317,"column":12},"skip":true},{"start":{"line":317,"column":12},"end":{"line":317,"column":12},"skip":true}]}},"code":["/*","example.js","","quickstart example","","instruction","    1. save this script as example.js","    2. run the shell command:","        $ npm install npmtest-async && PORT=8081 node example.js","    3. play with the browser-demo on http://127.0.0.1:8081","*/","","","","/* istanbul instrument in package npmtest_async */","/*jslint","    bitwise: true,","    browser: true,","    maxerr: 8,","    maxlen: 96,","    node: true,","    nomen: true,","    regexp: true,","    stupid: true","*/","(function () {","    'use strict';","    var local;","","","","    // run shared js-env code - pre-init","    (function () {","        // init local","        local = {};","        // init modeJs","        local.modeJs = (function () {","            try {","                return typeof navigator.userAgent === 'string' &&","                    typeof document.querySelector('body') === 'object' &&","                    typeof XMLHttpRequest.prototype.open === 'function' &&","                    'browser';","            } catch (errorCaughtBrowser) {","                return module.exports &&","                    typeof process.versions.node === 'string' &&","                    typeof require('http').createServer === 'function' &&","                    'node';","            }","        }());","        // init global","        local.global = local.modeJs === 'browser'","            ? window","            : global;","        // init utility2_rollup","        local = local.global.utility2_rollup || (local.modeJs === 'browser'","            ? local.global.utility2_npmtest_async","            : global.utility2_moduleExports);","        // export local","        local.global.local = local;","    }());","    switch (local.modeJs) {","","","","    // post-init","    // run browser js-env code - post-init","    /* istanbul ignore next */","    case 'browser':","        local.testRunBrowser = function (event) {","            if (!event || (event &&","                    event.currentTarget &&","                    event.currentTarget.className &&","                    event.currentTarget.className.includes &&","                    event.currentTarget.className.includes('onreset'))) {","                // reset output","                Array.from(","                    document.querySelectorAll('body > .resettable')","                ).forEach(function (element) {","                    switch (element.tagName) {","                    case 'INPUT':","                    case 'TEXTAREA':","                        element.value = '';","                        break;","                    default:","                        element.textContent = '';","                    }","                });","            }","            switch (event && event.currentTarget && event.currentTarget.id) {","            case 'testRunButton1':","                // show tests","                if (document.querySelector('#testReportDiv1').style.display === 'none') {","                    document.querySelector('#testReportDiv1').style.display = 'block';","                    document.querySelector('#testRunButton1').textContent =","                        'hide internal test';","                    local.modeTest = true;","                    local.testRunDefault(local);","                // hide tests","                } else {","                    document.querySelector('#testReportDiv1').style.display = 'none';","                    document.querySelector('#testRunButton1').textContent = 'run internal test';","                }","                break;","            // custom-case","            default:","                break;","            }","            if (document.querySelector('#inputTextareaEval1') && (!event || (event &&","                    event.currentTarget &&","                    event.currentTarget.className &&","                    event.currentTarget.className.includes &&","                    event.currentTarget.className.includes('oneval')))) {","                // try to eval input-code","                try {","                    /*jslint evil: true*/","                    eval(document.querySelector('#inputTextareaEval1').value);","                } catch (errorCaught) {","                    console.error(errorCaught);","                }","            }","        };","        // log stderr and stdout to #outputTextareaStdout1","        ['error', 'log'].forEach(function (key) {","            console[key + '_original'] = console[key];","            console[key] = function () {","                var element;","                console[key + '_original'].apply(console, arguments);","                element = document.querySelector('#outputTextareaStdout1');","                if (!element) {","                    return;","                }","                // append text to #outputTextareaStdout1","                element.value += Array.from(arguments).map(function (arg) {","                    return typeof arg === 'string'","                        ? arg","                        : JSON.stringify(arg, null, 4);","                }).join(' ') + '\\n';","                // scroll textarea to bottom","                element.scrollTop = element.scrollHeight;","            };","        });","        // init event-handling","        ['change', 'click', 'keyup'].forEach(function (event) {","            Array.from(document.querySelectorAll('.on' + event)).forEach(function (element) {","                element.addEventListener(event, local.testRunBrowser);","            });","        });","        // run tests","        local.testRunBrowser();","        break;","","","","    // run node js-env code - post-init","    /* istanbul ignore next */","    case 'node':","        // export local","        module.exports = local;","        // require modules","        local.fs = require('fs');","        local.http = require('http');","        local.url = require('url');","        // init assets","        local.assetsDict = local.assetsDict || {};","        /* jslint-ignore-begin */","        local.assetsDict['/assets.index.template.html'] = '\\","<!doctype html>\\n\\","<html lang=\"en\">\\n\\","<head>\\n\\","<meta charset=\"UTF-8\">\\n\\","<meta name=\"viewport\" content=\"width=device-width, initial-scale=1\">\\n\\","<title>{{env.npm_package_name}} (v{{env.npm_package_version}})</title>\\n\\","<style>\\n\\","/*csslint\\n\\","    box-sizing: false,\\n\\","    universal-selector: false\\n\\","*/\\n\\","* {\\n\\","    box-sizing: border-box;\\n\\","}\\n\\","body {\\n\\","    background: #dde;\\n\\","    font-family: Arial, Helvetica, sans-serif;\\n\\","    margin: 2rem;\\n\\","}\\n\\","body > * {\\n\\","    margin-bottom: 1rem;\\n\\","}\\n\\",".utility2FooterDiv {\\n\\","    margin-top: 20px;\\n\\","    text-align: center;\\n\\","}\\n\\","</style>\\n\\","<style>\\n\\","/*csslint\\n\\","*/\\n\\","textarea {\\n\\","    font-family: monospace;\\n\\","    height: 10rem;\\n\\","    width: 100%;\\n\\","}\\n\\","textarea[readonly] {\\n\\","    background: #ddd;\\n\\","}\\n\\","</style>\\n\\","</head>\\n\\","<body>\\n\\","<!-- utility2-comment\\n\\","<div id=\"ajaxProgressDiv1\" style=\"background: #d00; height: 2px; left: 0; margin: 0; padding: 0; position: fixed; top: 0; transition: background 0.5s, width 1.5s; width: 25%;\"></div>\\n\\","utility2-comment -->\\n\\","<h1>\\n\\","<!-- utility2-comment\\n\\","    <a\\n\\","        {{#if env.npm_package_homepage}}\\n\\","        href=\"{{env.npm_package_homepage}}\"\\n\\","        {{/if env.npm_package_homepage}}\\n\\","        target=\"_blank\"\\n\\","    >\\n\\","utility2-comment -->\\n\\","        {{env.npm_package_name}} (v{{env.npm_package_version}})\\n\\","<!-- utility2-comment\\n\\","    </a>\\n\\","utility2-comment -->\\n\\","</h1>\\n\\","<h3>{{env.npm_package_description}}</h3>\\n\\","<!-- utility2-comment\\n\\","<h4><a download href=\"assets.app.js\">download standalone app</a></h4>\\n\\","<button class=\"onclick onreset\" id=\"testRunButton1\">run internal test</button><br>\\n\\","<div id=\"testReportDiv1\" style=\"display: none;\"></div>\\n\\","utility2-comment -->\\n\\","\\n\\","\\n\\","\\n\\","<label>stderr and stdout</label>\\n\\","<textarea class=\"resettable\" id=\"outputTextareaStdout1\" readonly></textarea>\\n\\","<!-- utility2-comment\\n\\","{{#if isRollup}}\\n\\","<script src=\"assets.app.js\"></script>\\n\\","{{#unless isRollup}}\\n\\","utility2-comment -->\\n\\","<script src=\"assets.utility2.rollup.js\"></script>\\n\\","<script src=\"jsonp.utility2._stateInit?callback=window.utility2._stateInit\"></script>\\n\\","<script src=\"assets.npmtest_async.rollup.js\"></script>\\n\\","<script src=\"assets.example.js\"></script>\\n\\","<script src=\"assets.test.js\"></script>\\n\\","<!-- utility2-comment\\n\\","{{/if isRollup}}\\n\\","utility2-comment -->\\n\\","<div class=\"utility2FooterDiv\">\\n\\","    [ this app was created with\\n\\","    <a href=\"https://github.com/kaizhu256/node-utility2\" target=\"_blank\">utility2</a>\\n\\","    ]\\n\\","</div>\\n\\","</body>\\n\\","</html>\\n\\","';","        /* jslint-ignore-end */","        if (local.templateRender) {","            local.assetsDict['/'] = local.templateRender(","                local.assetsDict['/assets.index.template.html'],","                {","                    env: local.objectSetDefault(local.env, {","                        npm_package_description: 'the greatest app in the world!',","                        npm_package_name: 'my-app',","                        npm_package_nameAlias: 'my_app',","                        npm_package_version: '0.0.1'","                    })","                }","            );","        } else {","            local.assetsDict['/'] = local.assetsDict['/assets.index.template.html']","                .replace((/\\{\\{env\\.(\\w+?)\\}\\}/g), function (match0, match1) {","                    // jslint-hack","                    String(match0);","                    switch (match1) {","                    case 'npm_package_description':","                        return 'the greatest app in the world!';","                    case 'npm_package_name':","                        return 'my-app';","                    case 'npm_package_nameAlias':","                        return 'my_app';","                    case 'npm_package_version':","                        return '0.0.1';","                    }","                });","        }","        // run the cli","        if (local.global.utility2_rollup || module !== require.main) {","            break;","        }","        local.assetsDict['/assets.example.js'] =","            local.assetsDict['/assets.example.js'] ||","            local.fs.readFileSync(__filename, 'utf8');","        // bug-workaround - long $npm_package_buildCustomOrg","        /* jslint-ignore-begin */","        local.assetsDict['/assets.npmtest_async.rollup.js'] =","            local.assetsDict['/assets.npmtest_async.rollup.js'] ||","            local.fs.readFileSync(","                local.npmtest_async.__dirname + '/lib.npmtest_async.js',","                'utf8'","            ).replace((/^#!/), '//');","        /* jslint-ignore-end */","        local.assetsDict['/favicon.ico'] = local.assetsDict['/favicon.ico'] || '';","        // if $npm_config_timeout_exit exists,","        // then exit this process after $npm_config_timeout_exit ms","        if (Number(process.env.npm_config_timeout_exit)) {","            setTimeout(process.exit, Number(process.env.npm_config_timeout_exit));","        }","        // start server","        if (local.global.utility2_serverHttp1) {","            break;","        }","        process.env.PORT = process.env.PORT || '8081';","        console.error('server starting on port ' + process.env.PORT);","        local.http.createServer(function (request, response) {","            request.urlParsed = local.url.parse(request.url);","            if (local.assetsDict[request.urlParsed.pathname] !== undefined) {","                response.end(local.assetsDict[request.urlParsed.pathname]);","                return;","            }","            response.statusCode = 404;","            response.end();","        }).listen(process.env.PORT);","        break;","    }","}());",""],"l":{"26":2,"28":2,"33":2,"35":2,"37":2,"38":2,"39":2,"44":1,"51":2,"55":2,"59":2,"61":2,"69":1,"70":2,"76":2,"79":2,"82":2,"83":2,"85":1,"89":2,"92":1,"93":1,"94":1,"96":1,"97":1,"100":1,"101":1,"103":1,"106":1,"108":2,"114":1,"116":1,"118":1,"123":1,"124":2,"125":2,"126":3,"127":3,"128":3,"129":3,"130":1,"133":3,"134":3,"139":3,"143":1,"144":3,"145":1,"149":1,"150":1,"158":1,"160":1,"161":1,"162":1,"164":1,"166":1,"258":1,"259":1,"271":1,"274":6,"275":6,"277":1,"279":2,"281":1,"283":2,"288":1,"289":1,"291":1,"296":1,"303":1,"306":1,"307":1,"310":1,"311":1,"313":1,"314":1,"315":1,"316":1,"317":1,"318":1,"319":1,"321":1,"322":1,"324":1}},"/home/travis/build/npmtest/node-npmtest-async/node_modules/async/dist/async.js":{"path":"/home/travis/build/npmtest/node-npmtest-async/node_modules/async/dist/async.js","s":{"1":1,"2":1,"3":1,"4":0,"5":0,"6":0,"7":0,"8":0,"9":0,"10":1,"11":1,"12":10,"13":10,"14":0,"15":0,"16":0,"17":0,"18":0,"19":0,"20":0,"21":0,"22":0,"23":1,"24":0,"25":1,"26":10,"27":1,"28":0,"29":0,"30":0,"31":1,"32":0,"33":0,"34":1,"35":0,"36":0,"37":0,"38":0,"39":0,"40":0,"41":0,"42":0,"43":0,"44":0,"45":1,"46":1,"47":1,"48":1,"49":1,"50":1,"51":1,"52":1,"53":0,"54":1,"55":0,"56":1,"57":1,"58":2,"59":0,"60":0,"61":0,"62":0,"63":0,"64":0,"65":0,"66":1,"67":1,"68":1,"69":1,"70":1,"71":1,"72":1,"73":1,"74":1,"75":0,"76":0,"77":0,"78":0,"79":0,"80":0,"81":0,"82":0,"83":0,"84":0,"85":1,"86":1,"87":1,"88":1,"89":1,"90":1,"91":1,"92":1,"93":1,"94":0,"95":1,"96":1,"97":1,"98":1,"99":1,"100":1,"101":1,"102":0,"103":0,"104":0,"105":0,"106":1,"107":1,"108":0,"109":1,"110":0,"111":1,"112":1,"113":1,"114":0,"115":0,"116":0,"117":0,"118":0,"119":0,"120":1,"121":1,"122":0,"123":1,"124":0,"125":0,"126":0,"127":0,"128":1,"129":1,"130":1,"131":1,"132":1,"133":1,"134":1,"135":1,"136":1,"137":1,"138":0,"139":1,"140":1,"141":0,"142":1,"143":1,"144":1,"145":1,"146":1,"147":1,"148":1,"149":1,"150":1,"151":0,"152":0,"153":1,"154":1,"155":1,"156":1,"157":1,"158":1,"159":1,"160":1,"161":1,"162":1,"163":1,"164":1,"165":1,"166":1,"167":1,"168":1,"169":1,"170":1,"171":1,"172":1,"173":1,"174":1,"175":1,"176":1,"177":1,"178":1,"179":1,"180":1,"181":0,"182":1,"183":1,"184":0,"185":1,"186":1,"187":1,"188":1,"189":1,"190":1,"191":1,"192":1,"193":1,"194":1,"195":1,"196":1,"197":0,"198":0,"199":0,"200":0,"201":0,"202":1,"203":1,"204":0,"205":0,"206":1,"207":1,"208":0,"209":1,"210":1,"211":1,"212":1,"213":0,"214":0,"215":0,"216":0,"217":0,"218":0,"219":0,"220":1,"221":0,"222":1,"223":0,"224":0,"225":0,"226":0,"227":1,"228":0,"229":0,"230":0,"231":0,"232":0,"233":0,"234":0,"235":1,"236":0,"237":0,"238":0,"239":0,"240":0,"241":0,"242":1,"243":0,"244":0,"245":0,"246":0,"247":1,"248":0,"249":0,"250":0,"251":0,"252":0,"253":0,"254":1,"255":0,"256":0,"257":0,"258":0,"259":0,"260":0,"261":0,"262":1,"263":0,"264":0,"265":0,"266":0,"267":0,"268":0,"269":0,"270":0,"271":1,"272":0,"273":0,"274":0,"275":0,"276":0,"277":0,"278":0,"279":0,"280":0,"281":0,"282":1,"283":0,"284":1,"285":15,"286":0,"287":1,"288":0,"289":0,"290":0,"291":0,"292":1,"293":0,"294":0,"295":0,"296":0,"297":0,"298":0,"299":1,"300":1,"301":0,"302":0,"303":1,"304":7,"305":0,"306":1,"307":0,"308":0,"309":0,"310":0,"311":0,"312":0,"313":0,"314":0,"315":0,"316":0,"317":0,"318":1,"319":1,"320":1,"321":6,"322":0,"323":1,"324":1,"325":1,"326":1,"327":0,"328":0,"329":1,"330":0,"331":0,"332":0,"333":0,"334":0,"335":1,"336":1,"337":0,"338":0,"339":0,"340":0,"341":0,"342":0,"343":1,"344":1,"345":0,"346":1,"347":0,"348":0,"349":0,"350":0,"351":0,"352":1,"353":0,"354":1,"355":0,"356":0,"357":0,"358":0,"359":0,"360":1,"361":0,"362":1,"363":0,"364":0,"365":0,"366":0,"367":0,"368":0,"369":0,"370":0,"371":0,"372":0,"373":0,"374":0,"375":0,"376":0,"377":0,"378":0,"379":0,"380":0,"381":0,"382":0,"383":0,"384":0,"385":0,"386":0,"387":0,"388":0,"389":0,"390":0,"391":0,"392":0,"393":0,"394":0,"395":0,"396":0,"397":0,"398":0,"399":0,"400":0,"401":1,"402":0,"403":0,"404":1,"405":0,"406":0,"407":0,"408":0,"409":0,"410":1,"411":0,"412":0,"413":0,"414":0,"415":1,"416":0,"417":0,"418":0,"419":0,"420":1,"421":0,"422":0,"423":0,"424":0,"425":0,"426":0,"427":0,"428":0,"429":0,"430":0,"431":0,"432":0,"433":0,"434":0,"435":0,"436":0,"437":0,"438":0,"439":0,"440":0,"441":0,"442":1,"443":0,"444":0,"445":0,"446":0,"447":0,"448":0,"449":0,"450":0,"451":0,"452":0,"453":1,"454":0,"455":0,"456":0,"457":0,"458":0,"459":1,"460":0,"461":0,"462":0,"463":0,"464":1,"465":1,"466":0,"467":1,"468":1,"469":1,"470":1,"471":0,"472":0,"473":0,"474":0,"475":0,"476":0,"477":0,"478":0,"479":1,"480":0,"481":0,"482":0,"483":0,"484":0,"485":0,"486":0,"487":0,"488":0,"489":0,"490":0,"491":0,"492":1,"493":0,"494":0,"495":0,"496":1,"497":0,"498":0,"499":0,"500":1,"501":0,"502":0,"503":0,"504":1,"505":0,"506":1,"507":1,"508":1,"509":1,"510":1,"511":1,"512":1,"513":0,"514":1,"515":1,"516":1,"517":1,"518":1,"519":1,"520":1,"521":1,"522":1,"523":1,"524":1,"525":1,"526":1,"527":1,"528":1,"529":1,"530":1,"531":1,"532":1,"533":0,"534":1,"535":0,"536":1,"537":0,"538":1,"539":1,"540":0,"541":0,"542":0,"543":0,"544":0,"545":0,"546":0,"547":1,"548":1,"549":1,"550":1,"551":1,"552":0,"553":0,"554":0,"555":0,"556":0,"557":0,"558":1,"559":0,"560":0,"561":0,"562":0,"563":0,"564":0,"565":0,"566":0,"567":0,"568":0,"569":0,"570":0,"571":0,"572":0,"573":0,"574":0,"575":0,"576":1,"577":0,"578":0,"579":0,"580":0,"581":0,"582":1,"583":1,"584":1,"585":0,"586":1,"587":2,"588":0,"589":0,"590":1,"591":1,"592":1,"593":0,"594":0,"595":0,"596":1,"597":1,"598":0,"599":0,"600":1,"601":0,"602":0,"603":1,"604":0,"605":0,"606":0,"607":0,"608":0,"609":0,"610":0,"611":0,"612":0,"613":1,"614":1,"615":0,"616":0,"617":0,"618":0,"619":0,"620":0,"621":0,"622":1,"623":0,"624":0,"625":0,"626":0,"627":0,"628":0,"629":0,"630":1,"631":0,"632":0,"633":0,"634":1,"635":0,"636":0,"637":0,"638":1,"639":0,"640":1,"641":0,"642":1,"643":0,"644":0,"645":0,"646":0,"647":0,"648":0,"649":0,"650":1,"651":0,"652":0,"653":0,"654":0,"655":0,"656":0,"657":0,"658":0,"659":0,"660":0,"661":0,"662":0,"663":0,"664":0,"665":1,"666":0,"667":0,"668":0,"669":0,"670":0,"671":0,"672":0,"673":0,"674":0,"675":0,"676":0,"677":0,"678":0,"679":0,"680":0,"681":0,"682":0,"683":0,"684":0,"685":0,"686":0,"687":0,"688":0,"689":0,"690":0,"691":0,"692":0,"693":0,"694":0,"695":0,"696":0,"697":0,"698":0,"699":0,"700":0,"701":0,"702":0,"703":0,"704":0,"705":0,"706":0,"707":0,"708":0,"709":0,"710":0,"711":0,"712":0,"713":0,"714":0,"715":0,"716":0,"717":0,"718":1,"719":0,"720":1,"721":1,"722":0,"723":0,"724":0,"725":0,"726":0,"727":0,"728":0,"729":1,"730":0,"731":0,"732":0,"733":0,"734":0,"735":0,"736":0,"737":0,"738":0,"739":0,"740":0,"741":1,"742":0,"743":1,"744":0,"745":0,"746":0,"747":0,"748":0,"749":0,"750":1,"751":1,"752":1,"753":0,"754":1,"755":1,"756":0,"757":0,"758":0,"759":1,"760":6,"761":0,"762":0,"763":0,"764":0,"765":0,"766":0,"767":0,"768":0,"769":0,"770":0,"771":0,"772":0,"773":0,"774":0,"775":0,"776":1,"777":0,"778":1,"779":1,"780":1,"781":1,"782":2,"783":0,"784":0,"785":0,"786":0,"787":0,"788":0,"789":0,"790":0,"791":1,"792":1,"793":0,"794":0,"795":0,"796":0,"797":0,"798":0,"799":0,"800":0,"801":1,"802":0,"803":0,"804":0,"805":0,"806":0,"807":0,"808":1,"809":0,"810":0,"811":0,"812":0,"813":0,"814":0,"815":0,"816":0,"817":0,"818":1,"819":0,"820":0,"821":1,"822":0,"823":0,"824":0,"825":1,"826":0,"827":0,"828":0,"829":1,"830":0,"831":0,"832":0,"833":0,"834":0,"835":0,"836":1,"837":0,"838":0,"839":1,"840":0,"841":1,"842":0,"843":1,"844":1,"845":0,"846":0,"847":0,"848":0,"849":0,"850":0,"851":0,"852":0,"853":0,"854":0,"855":0,"856":0,"857":1,"858":0,"859":1,"860":1,"861":1,"862":1,"863":0,"864":0,"865":1,"866":0,"867":0,"868":0,"869":0,"870":0,"871":0,"872":0,"873":0,"874":0,"875":0,"876":0,"877":0,"878":1,"879":0,"880":0,"881":0,"882":0,"883":0,"884":0,"885":0,"886":0,"887":0,"888":0,"889":0,"890":0,"891":1,"892":0,"893":0,"894":1,"895":1,"896":1,"897":1,"898":0,"899":0,"900":1,"901":0,"902":0,"903":0,"904":0,"905":1,"906":0,"907":0,"908":0,"909":0,"910":0,"911":0,"912":0,"913":0,"914":0,"915":0,"916":0,"917":0,"918":0,"919":0,"920":0,"921":0,"922":0,"923":1,"924":1,"925":1,"926":1,"927":0,"928":0,"929":0,"930":0,"931":0,"932":0,"933":0,"934":0,"935":0,"936":0,"937":1,"938":1,"939":1,"940":0,"941":1,"942":0,"943":0,"944":0,"945":0,"946":0,"947":0,"948":0,"949":0,"950":0,"951":0,"952":0,"953":0,"954":0,"955":0,"956":0,"957":0,"958":0,"959":0,"960":0,"961":0,"962":0,"963":1,"964":1,"965":1,"966":0,"967":0,"968":0,"969":1,"970":1,"971":0,"972":0,"973":0,"974":0,"975":0,"976":0,"977":0,"978":0,"979":0,"980":1,"981":0,"982":1,"983":0,"984":1,"985":0,"986":0,"987":0,"988":1,"989":0,"990":0,"991":0,"992":0,"993":0,"994":0,"995":0,"996":0,"997":0,"998":0,"999":0,"1000":0,"1001":0,"1002":0,"1003":0,"1004":0,"1005":0,"1006":0,"1007":0,"1008":0,"1009":0,"1010":0,"1011":0,"1012":0,"1013":1,"1014":0,"1015":0,"1016":0,"1017":0,"1018":0,"1019":0,"1020":0,"1021":1,"1022":1,"1023":0,"1024":0,"1025":1,"1026":0,"1027":0,"1028":0,"1029":0,"1030":0,"1031":0,"1032":0,"1033":0,"1034":0,"1035":0,"1036":0,"1037":0,"1038":1,"1039":0,"1040":0,"1041":0,"1042":1,"1043":1,"1044":0,"1045":0,"1046":0,"1047":0,"1048":0,"1049":0,"1050":0,"1051":1,"1052":1,"1053":1,"1054":0,"1055":0,"1056":1,"1057":0,"1058":0,"1059":0,"1060":1,"1061":0,"1062":0,"1063":0,"1064":0,"1065":0,"1066":0,"1067":0,"1068":0,"1069":0,"1070":0,"1071":0,"1072":0,"1073":0,"1074":0,"1075":0,"1076":0,"1077":1,"1078":0,"1079":0,"1080":0,"1081":0,"1082":0,"1083":1,"1084":0,"1085":0,"1086":0,"1087":0,"1088":0,"1089":1,"1090":0,"1091":0,"1092":0,"1093":0,"1094":1,"1095":0,"1096":1,"1097":1,"1098":1,"1099":1,"1100":0,"1101":0,"1102":0,"1103":0,"1104":0,"1105":0,"1106":0,"1107":0,"1108":0,"1109":1,"1110":0,"1111":0,"1112":1,"1113":0,"1114":0,"1115":1,"1116":0,"1117":0,"1118":0,"1119":1,"1120":0,"1121":0,"1122":0,"1123":0,"1124":0,"1125":0,"1126":0,"1127":0,"1128":0,"1129":0,"1130":0,"1131":0,"1132":1,"1133":1,"1134":1,"1135":0,"1136":0,"1137":0,"1138":0,"1139":0,"1140":1,"1141":0,"1142":0,"1143":1,"1144":1,"1145":1,"1146":0,"1147":0,"1148":0,"1149":0,"1150":0,"1151":0,"1152":0,"1153":0,"1154":0,"1155":1,"1156":0,"1157":0,"1158":1,"1159":0,"1160":0,"1161":0,"1162":0,"1163":0,"1164":0,"1165":0,"1166":0,"1167":0,"1168":0,"1169":0,"1170":1,"1171":0,"1172":0,"1173":1,"1174":0,"1175":0,"1176":0,"1177":0,"1178":0,"1179":0,"1180":1,"1181":0,"1182":0,"1183":0,"1184":0,"1185":0,"1186":0,"1187":0,"1188":0,"1189":0,"1190":0,"1191":1,"1192":1,"1193":1,"1194":1,"1195":1,"1196":1,"1197":1,"1198":1,"1199":1,"1200":1,"1201":1,"1202":1,"1203":1,"1204":1,"1205":1,"1206":1,"1207":1,"1208":1,"1209":1,"1210":1,"1211":1,"1212":1,"1213":1,"1214":1,"1215":1,"1216":1,"1217":1,"1218":1,"1219":1,"1220":1,"1221":1,"1222":1,"1223":1,"1224":1,"1225":1,"1226":1,"1227":1,"1228":1,"1229":1,"1230":1,"1231":1,"1232":1,"1233":1,"1234":1,"1235":1,"1236":1,"1237":1,"1238":1,"1239":1,"1240":1,"1241":1,"1242":1,"1243":1,"1244":1,"1245":1,"1246":1,"1247":1,"1248":1,"1249":1,"1250":1,"1251":1,"1252":1,"1253":1,"1254":1,"1255":1,"1256":1,"1257":1,"1258":1,"1259":1,"1260":1,"1261":1,"1262":1,"1263":1,"1264":1,"1265":1,"1266":1,"1267":1,"1268":1,"1269":1,"1270":1,"1271":1,"1272":1,"1273":1,"1274":1,"1275":1,"1276":1,"1277":1,"1278":1,"1279":1,"1280":1,"1281":1,"1282":1,"1283":1,"1284":1,"1285":1,"1286":1,"1287":1,"1288":1,"1289":1,"1290":1},"b":{"1":[1,0],"2":[1,1],"3":[0,0],"4":[0,0],"5":[0,0],"6":[0,0,0,0],"7":[10,0],"8":[0,0,0],"9":[0,0],"10":[0,0],"11":[0,0],"12":[0,0],"13":[0,0],"14":[0,1],"15":[0,0],"16":[1,1,1,1],"17":[1,0,0,0],"18":[1,0,0],"19":[1,0],"20":[0,0],"21":[0,0],"22":[1,0],"23":[0,1],"24":[0,0],"25":[0,1],"26":[1,1],"27":[0,0],"28":[0,0,0,0],"29":[0,0,0,0],"30":[0,0,0],"31":[0,0],"32":[1,1],"33":[0,0,0],"34":[1,1],"35":[1,1],"36":[1,0],"37":[0,0,0],"38":[1,1,1,1],"39":[1,1,1,1,1],"40":[1,1],"41":[1,0],"42":[1,0],"43":[1,0],"44":[0,0],"45":[0,0,0,0,0,0],"46":[0,0,0],"47":[1,1,1,1],"48":[1,1,1,1,1],"49":[1,1],"50":[1,1],"51":[1,1],"52":[1,1],"53":[1,0],"54":[0,0],"55":[0,0,0],"56":[0,0,0,0],"57":[0,0,0,0],"58":[0,0],"59":[0,0],"60":[0,0,0],"61":[0,0,0,0,0,0,0,0,0,0],"62":[0,0],"63":[0,0,0],"64":[0,0],"65":[0,0],"66":[0,0],"67":[0,0],"68":[0,0],"69":[0,0],"70":[0,0],"71":[0,0],"72":[0,0],"73":[0,0],"74":[0,0],"75":[0,0],"76":[0,0],"77":[0,0],"78":[0,0],"79":[0,0,0],"80":[0,0],"81":[0,0],"82":[0,0],"83":[0,0],"84":[0,0],"85":[0,0],"86":[0,0],"87":[0,0],"88":[0,0],"89":[0,0],"90":[0,0],"91":[0,0],"92":[0,0],"93":[0,0],"94":[0,0],"95":[0,0],"96":[0,0],"97":[0,0],"98":[0,0],"99":[0,0],"100":[0,0],"101":[0,0],"102":[0,0],"103":[0,0],"104":[0,0],"105":[0,0],"106":[0,0],"107":[0,0],"108":[0,0],"109":[0,0],"110":[0,0],"111":[0,0],"112":[0,0],"113":[0,0],"114":[0,0],"115":[0,0],"116":[0,0],"117":[0,0],"118":[0,0],"119":[0,0],"120":[0,0],"121":[0,0],"122":[0,0],"123":[0,0,0],"124":[1,0],"125":[1,0],"126":[0,0],"127":[0,0],"128":[0,0],"129":[0,0],"130":[0,0],"131":[0,0],"132":[0,0],"133":[0,0],"134":[0,0],"135":[0,0],"136":[0,0],"137":[0,0],"138":[0,0],"139":[0,0],"140":[0,0],"141":[0,0],"142":[0,0],"143":[0,0],"144":[0,0],"145":[0,0],"146":[0,0,0],"147":[0,0],"148":[0,0],"149":[0,0],"150":[0,0,0,0],"151":[0,0],"152":[0,0],"153":[0,0],"154":[0,0],"155":[0,0,0],"156":[0,0],"157":[1,1],"158":[1,1],"159":[1,0],"160":[0,0],"161":[0,0],"162":[0,0],"163":[0,0],"164":[0,0],"165":[0,0],"166":[0,0],"167":[0,0],"168":[0,0],"169":[0,0],"170":[0,0],"171":[0,0],"172":[0,0],"173":[0,0],"174":[0,0],"175":[0,0],"176":[0,0],"177":[0,0],"178":[0,0],"179":[0,0],"180":[0,0],"181":[0,0],"182":[0,0],"183":[0,0,0],"184":[0,0],"185":[0,0],"186":[0,0],"187":[0,0],"188":[0,0],"189":[0,0],"190":[0,0],"191":[0,0],"192":[0,0],"193":[0,0],"194":[0,0],"195":[0,0],"196":[0,0],"197":[0,0],"198":[0,0],"199":[0,0],"200":[0,0],"201":[0,0],"202":[0,0],"203":[0,0],"204":[0,0],"205":[0,0],"206":[0,0],"207":[0,0],"208":[0,0],"209":[0,0],"210":[0,0],"211":[0,0],"212":[0,0],"213":[0,0],"214":[0,0],"215":[0,0],"216":[0,0],"217":[0,0],"218":[0,0],"219":[0,0],"220":[0,0],"221":[0,0],"222":[0,0],"223":[0,0],"224":[0,0],"225":[0,0],"226":[0,0],"227":[0,0],"228":[0,0],"229":[0,0],"230":[0,0],"231":[0,0],"232":[0,0],"233":[1,0],"234":[0,0],"235":[0,0],"236":[0,0],"237":[0,0],"238":[0,0],"239":[0,0],"240":[0,0],"241":[0,0],"242":[0,0],"243":[0,0],"244":[0,0],"245":[0,0],"246":[0,0],"247":[0,0],"248":[0,0],"249":[0,0],"250":[0,0],"251":[0,0],"252":[0,0],"253":[0,0],"254":[0,0],"255":[0,0],"256":[0,0],"257":[0,0],"258":[0,0],"259":[0,0],"260":[0,0],"261":[0,0],"262":[0,0],"263":[0,0],"264":[0,0],"265":[0,0,0,0],"266":[0,0],"267":[0,0],"268":[0,0],"269":[0,0],"270":[0,0],"271":[0,0],"272":[0,0],"273":[0,0],"274":[0,0],"275":[0,0],"276":[0,0],"277":[0,0],"278":[0,0],"279":[0,0],"280":[0,0],"281":[0,0],"282":[0,0],"283":[0,0],"284":[0,0],"285":[0,0],"286":[0,0],"287":[0,0],"288":[0,0],"289":[0,0]},"f":{"1":1,"2":1,"3":0,"4":10,"5":0,"6":0,"7":10,"8":0,"9":0,"10":0,"11":0,"12":0,"13":0,"14":0,"15":1,"16":0,"17":0,"18":2,"19":0,"20":0,"21":0,"22":0,"23":1,"24":1,"25":0,"26":0,"27":0,"28":0,"29":0,"30":0,"31":0,"32":0,"33":1,"34":1,"35":1,"36":0,"37":0,"38":0,"39":0,"40":1,"41":0,"42":1,"43":0,"44":0,"45":1,"46":0,"47":0,"48":0,"49":0,"50":0,"51":0,"52":0,"53":0,"54":0,"55":0,"56":0,"57":0,"58":0,"59":0,"60":0,"61":0,"62":0,"63":15,"64":0,"65":0,"66":0,"67":0,"68":7,"69":0,"70":0,"71":0,"72":0,"73":0,"74":6,"75":0,"76":0,"77":0,"78":0,"79":1,"80":0,"81":0,"82":0,"83":0,"84":0,"85":0,"86":0,"87":0,"88":0,"89":0,"90":0,"91":0,"92":0,"93":0,"94":0,"95":0,"96":0,"97":0,"98":0,"99":0,"100":0,"101":0,"102":0,"103":0,"104":0,"105":0,"106":0,"107":0,"108":0,"109":0,"110":0,"111":0,"112":0,"113":0,"114":0,"115":0,"116":0,"117":0,"118":0,"119":0,"120":0,"121":0,"122":0,"123":2,"124":0,"125":0,"126":0,"127":0,"128":0,"129":0,"130":0,"131":0,"132":0,"133":0,"134":0,"135":0,"136":0,"137":0,"138":0,"139":0,"140":0,"141":0,"142":0,"143":0,"144":0,"145":0,"146":0,"147":0,"148":0,"149":0,"150":0,"151":0,"152":0,"153":0,"154":0,"155":0,"156":0,"157":0,"158":0,"159":0,"160":0,"161":0,"162":0,"163":0,"164":0,"165":1,"166":0,"167":0,"168":0,"169":6,"170":0,"171":0,"172":0,"173":0,"174":0,"175":2,"176":0,"177":0,"178":0,"179":0,"180":0,"181":0,"182":0,"183":0,"184":0,"185":0,"186":0,"187":0,"188":0,"189":0,"190":0,"191":0,"192":0,"193":0,"194":0,"195":0,"196":0,"197":0,"198":0,"199":0,"200":0,"201":0,"202":0,"203":0,"204":0,"205":0,"206":0,"207":0,"208":0,"209":0,"210":0,"211":0,"212":0,"213":0,"214":0,"215":0,"216":0,"217":0,"218":0,"219":0,"220":0,"221":0,"222":0,"223":0,"224":0,"225":0,"226":0,"227":0,"228":0,"229":0,"230":0,"231":0,"232":0,"233":0,"234":0,"235":0,"236":0,"237":0,"238":0,"239":0,"240":0,"241":0,"242":0,"243":0,"244":0,"245":0,"246":0,"247":0,"248":0,"249":0,"250":0,"251":0,"252":0,"253":0,"254":0,"255":0,"256":0,"257":0,"258":0,"259":0,"260":0,"261":0,"262":0,"263":0,"264":0,"265":0,"266":0,"267":0,"268":0,"269":0,"270":0,"271":0,"272":0,"273":0,"274":0,"275":0,"276":0,"277":0,"278":0},"fnMap":{"1":{"name":"(anonymous_1)","line":1,"loc":{"start":{"line":1,"column":1},"end":{"line":1,"column":28}}},"2":{"name":"(anonymous_2)","line":5,"loc":{"start":{"line":5,"column":9},"end":{"line":5,"column":28}}},"3":{"name":"apply","line":17,"loc":{"start":{"line":17,"column":0},"end":{"line":17,"column":36}}},"4":{"name":"overRest$1","line":39,"loc":{"start":{"line":39,"column":0},"end":{"line":39,"column":44}}},"5":{"name":"(anonymous_5)","line":41,"loc":{"start":{"line":41,"column":9},"end":{"line":41,"column":20}}},"6":{"name":"identity","line":76,"loc":{"start":{"line":76,"column":0},"end":{"line":76,"column":25}}},"7":{"name":"rest","line":82,"loc":{"start":{"line":82,"column":0},"end":{"line":82,"column":27}}},"8":{"name":"(anonymous_8)","line":86,"loc":{"start":{"line":86,"column":20},"end":{"line":86,"column":34}}},"9":{"name":"(anonymous_9)","line":87,"loc":{"start":{"line":87,"column":16},"end":{"line":87,"column":50}}},"10":{"name":"isObject","line":118,"loc":{"start":{"line":118,"column":0},"end":{"line":118,"column":25}}},"11":{"name":"asyncify","line":179,"loc":{"start":{"line":179,"column":0},"end":{"line":179,"column":24}}},"12":{"name":"(anonymous_12)","line":180,"loc":{"start":{"line":180,"column":25},"end":{"line":180,"column":51}}},"13":{"name":"(anonymous_13)","line":189,"loc":{"start":{"line":189,"column":24},"end":{"line":189,"column":41}}},"14":{"name":"(anonymous_14)","line":191,"loc":{"start":{"line":191,"column":15},"end":{"line":191,"column":30}}},"15":{"name":"supportsAsync","line":202,"loc":{"start":{"line":202,"column":0},"end":{"line":202,"column":25}}},"16":{"name":"isAsync","line":213,"loc":{"start":{"line":213,"column":0},"end":{"line":213,"column":21}}},"17":{"name":"wrapAsync","line":217,"loc":{"start":{"line":217,"column":0},"end":{"line":217,"column":28}}},"18":{"name":"applyEach$1","line":223,"loc":{"start":{"line":223,"column":0},"end":{"line":223,"column":29}}},"19":{"name":"(anonymous_19)","line":224,"loc":{"start":{"line":224,"column":16},"end":{"line":224,"column":37}}},"20":{"name":"(anonymous_20)","line":225,"loc":{"start":{"line":225,"column":31},"end":{"line":225,"column":57}}},"21":{"name":"(anonymous_21)","line":227,"loc":{"start":{"line":227,"column":31},"end":{"line":227,"column":49}}},"22":{"name":"getRawTag","line":274,"loc":{"start":{"line":274,"column":0},"end":{"line":274,"column":26}}},"23":{"name":"objectToString","line":311,"loc":{"start":{"line":311,"column":0},"end":{"line":311,"column":31}}},"24":{"name":"baseGetTag","line":329,"loc":{"start":{"line":329,"column":0},"end":{"line":329,"column":27}}},"25":{"name":"isFunction","line":362,"loc":{"start":{"line":362,"column":0},"end":{"line":362,"column":27}}},"26":{"name":"isLength","line":401,"loc":{"start":{"line":401,"column":0},"end":{"line":401,"column":25}}},"27":{"name":"isArrayLike","line":431,"loc":{"start":{"line":431,"column":0},"end":{"line":431,"column":28}}},"28":{"name":"noop","line":451,"loc":{"start":{"line":451,"column":0},"end":{"line":451,"column":16}}},"29":{"name":"once","line":455,"loc":{"start":{"line":455,"column":0},"end":{"line":455,"column":18}}},"30":{"name":"(anonymous_30)","line":456,"loc":{"start":{"line":456,"column":11},"end":{"line":456,"column":23}}},"31":{"name":"(anonymous_31)","line":466,"loc":{"start":{"line":466,"column":18},"end":{"line":466,"column":34}}},"32":{"name":"baseTimes","line":479,"loc":{"start":{"line":479,"column":0},"end":{"line":479,"column":32}}},"33":{"name":"isObjectLike","line":513,"loc":{"start":{"line":513,"column":0},"end":{"line":513,"column":29}}},"34":{"name":"baseIsArguments","line":527,"loc":{"start":{"line":527,"column":0},"end":{"line":527,"column":32}}},"35":{"name":"(anonymous_35)","line":558,"loc":{"start":{"line":558,"column":34},"end":{"line":558,"column":45}}},"36":{"name":"(anonymous_36)","line":558,"loc":{"start":{"line":558,"column":90},"end":{"line":558,"column":106}}},"37":{"name":"stubFalse","line":601,"loc":{"start":{"line":601,"column":0},"end":{"line":601,"column":21}}},"38":{"name":"isIndex","line":653,"loc":{"start":{"line":653,"column":0},"end":{"line":653,"column":32}}},"39":{"name":"baseIsTypedArray","line":710,"loc":{"start":{"line":710,"column":0},"end":{"line":710,"column":33}}},"40":{"name":"baseUnary","line":722,"loc":{"start":{"line":722,"column":0},"end":{"line":722,"column":25}}},"41":{"name":"(anonymous_41)","line":723,"loc":{"start":{"line":723,"column":9},"end":{"line":723,"column":25}}},"42":{"name":"(anonymous_42)","line":741,"loc":{"start":{"line":741,"column":16},"end":{"line":741,"column":27}}},"43":{"name":"arrayLikeKeys","line":783,"loc":{"start":{"line":783,"column":0},"end":{"line":783,"column":41}}},"44":{"name":"isPrototype","line":820,"loc":{"start":{"line":820,"column":0},"end":{"line":820,"column":28}}},"45":{"name":"overArg","line":835,"loc":{"start":{"line":835,"column":0},"end":{"line":835,"column":34}}},"46":{"name":"(anonymous_46)","line":836,"loc":{"start":{"line":836,"column":9},"end":{"line":836,"column":23}}},"47":{"name":"baseKeys","line":857,"loc":{"start":{"line":857,"column":0},"end":{"line":857,"column":26}}},"48":{"name":"keys","line":898,"loc":{"start":{"line":898,"column":0},"end":{"line":898,"column":22}}},"49":{"name":"createArrayIterator","line":902,"loc":{"start":{"line":902,"column":0},"end":{"line":902,"column":35}}},"50":{"name":"next","line":905,"loc":{"start":{"line":905,"column":11},"end":{"line":905,"column":27}}},"51":{"name":"createES2015Iterator","line":910,"loc":{"start":{"line":910,"column":0},"end":{"line":910,"column":40}}},"52":{"name":"next","line":912,"loc":{"start":{"line":912,"column":11},"end":{"line":912,"column":27}}},"53":{"name":"createObjectIterator","line":920,"loc":{"start":{"line":920,"column":0},"end":{"line":920,"column":35}}},"54":{"name":"next","line":924,"loc":{"start":{"line":924,"column":11},"end":{"line":924,"column":27}}},"55":{"name":"iterator","line":930,"loc":{"start":{"line":930,"column":0},"end":{"line":930,"column":24}}},"56":{"name":"onlyOnce","line":939,"loc":{"start":{"line":939,"column":0},"end":{"line":939,"column":22}}},"57":{"name":"(anonymous_57)","line":940,"loc":{"start":{"line":940,"column":11},"end":{"line":940,"column":23}}},"58":{"name":"_eachOfLimit","line":948,"loc":{"start":{"line":948,"column":0},"end":{"line":948,"column":29}}},"59":{"name":"(anonymous_59)","line":949,"loc":{"start":{"line":949,"column":11},"end":{"line":949,"column":46}}},"60":{"name":"iterateeCallback","line":958,"loc":{"start":{"line":958,"column":8},"end":{"line":958,"column":46}}},"61":{"name":"replenish","line":971,"loc":{"start":{"line":971,"column":8},"end":{"line":971,"column":29}}},"62":{"name":"eachOfLimit","line":1010,"loc":{"start":{"line":1010,"column":0},"end":{"line":1010,"column":54}}},"63":{"name":"doLimit","line":1014,"loc":{"start":{"line":1014,"column":0},"end":{"line":1014,"column":28}}},"64":{"name":"(anonymous_64)","line":1015,"loc":{"start":{"line":1015,"column":11},"end":{"line":1015,"column":51}}},"65":{"name":"eachOfArrayLike","line":1021,"loc":{"start":{"line":1021,"column":0},"end":{"line":1021,"column":51}}},"66":{"name":"iteratorCallback","line":1030,"loc":{"start":{"line":1030,"column":4},"end":{"line":1030,"column":42}}},"67":{"name":"(anonymous_67)","line":1085,"loc":{"start":{"line":1085,"column":13},"end":{"line":1085,"column":49}}},"68":{"name":"doParallel","line":1090,"loc":{"start":{"line":1090,"column":0},"end":{"line":1090,"column":24}}},"69":{"name":"(anonymous_69)","line":1091,"loc":{"start":{"line":1091,"column":11},"end":{"line":1091,"column":46}}},"70":{"name":"_asyncMap","line":1096,"loc":{"start":{"line":1096,"column":0},"end":{"line":1096,"column":52}}},"71":{"name":"(anonymous_71)","line":1103,"loc":{"start":{"line":1103,"column":16},"end":{"line":1103,"column":46}}},"72":{"name":"(anonymous_72)","line":1105,"loc":{"start":{"line":1105,"column":25},"end":{"line":1105,"column":43}}},"73":{"name":"(anonymous_73)","line":1109,"loc":{"start":{"line":1109,"column":7},"end":{"line":1109,"column":22}}},"74":{"name":"doParallelLimit","line":1187,"loc":{"start":{"line":1187,"column":0},"end":{"line":1187,"column":29}}},"75":{"name":"(anonymous_75)","line":1188,"loc":{"start":{"line":1188,"column":11},"end":{"line":1188,"column":53}}},"76":{"name":"(anonymous_76)","line":1299,"loc":{"start":{"line":1299,"column":19},"end":{"line":1299,"column":39}}},"77":{"name":"(anonymous_77)","line":1300,"loc":{"start":{"line":1300,"column":16},"end":{"line":1300,"column":36}}},"78":{"name":"arrayEach","line":1314,"loc":{"start":{"line":1314,"column":0},"end":{"line":1314,"column":36}}},"79":{"name":"createBaseFor","line":1333,"loc":{"start":{"line":1333,"column":0},"end":{"line":1333,"column":34}}},"80":{"name":"(anonymous_80)","line":1334,"loc":{"start":{"line":1334,"column":9},"end":{"line":1334,"column":46}}},"81":{"name":"baseForOwn","line":1371,"loc":{"start":{"line":1371,"column":0},"end":{"line":1371,"column":38}}},"82":{"name":"baseFindIndex","line":1386,"loc":{"start":{"line":1386,"column":0},"end":{"line":1386,"column":63}}},"83":{"name":"baseIsNaN","line":1405,"loc":{"start":{"line":1405,"column":0},"end":{"line":1405,"column":26}}},"84":{"name":"strictIndexOf","line":1419,"loc":{"start":{"line":1419,"column":0},"end":{"line":1419,"column":48}}},"85":{"name":"baseIndexOf","line":1440,"loc":{"start":{"line":1440,"column":0},"end":{"line":1440,"column":46}}},"86":{"name":"(anonymous_86)","line":1525,"loc":{"start":{"line":1525,"column":11},"end":{"line":1525,"column":51}}},"87":{"name":"(anonymous_87)","line":1554,"loc":{"start":{"line":1554,"column":22},"end":{"line":1554,"column":43}}},"88":{"name":"(anonymous_88)","line":1571,"loc":{"start":{"line":1571,"column":32},"end":{"line":1571,"column":58}}},"89":{"name":"(anonymous_89)","line":1575,"loc":{"start":{"line":1575,"column":40},"end":{"line":1575,"column":52}}},"90":{"name":"enqueueTask","line":1587,"loc":{"start":{"line":1587,"column":4},"end":{"line":1587,"column":36}}},"91":{"name":"(anonymous_91)","line":1588,"loc":{"start":{"line":1588,"column":24},"end":{"line":1588,"column":36}}},"92":{"name":"processQueue","line":1593,"loc":{"start":{"line":1593,"column":4},"end":{"line":1593,"column":28}}},"93":{"name":"addListener","line":1603,"loc":{"start":{"line":1603,"column":4},"end":{"line":1603,"column":39}}},"94":{"name":"taskComplete","line":1612,"loc":{"start":{"line":1612,"column":4},"end":{"line":1612,"column":36}}},"95":{"name":"(anonymous_95)","line":1614,"loc":{"start":{"line":1614,"column":33},"end":{"line":1614,"column":47}}},"96":{"name":"runTask","line":1620,"loc":{"start":{"line":1620,"column":4},"end":{"line":1620,"column":32}}},"97":{"name":"(anonymous_97)","line":1623,"loc":{"start":{"line":1623,"column":41},"end":{"line":1623,"column":62}}},"98":{"name":"(anonymous_98)","line":1630,"loc":{"start":{"line":1630,"column":36},"end":{"line":1630,"column":57}}},"99":{"name":"checkForDeadlocks","line":1653,"loc":{"start":{"line":1653,"column":4},"end":{"line":1653,"column":33}}},"100":{"name":"(anonymous_100)","line":1662,"loc":{"start":{"line":1662,"column":50},"end":{"line":1662,"column":71}}},"101":{"name":"getDependents","line":1674,"loc":{"start":{"line":1674,"column":4},"end":{"line":1674,"column":37}}},"102":{"name":"(anonymous_102)","line":1676,"loc":{"start":{"line":1676,"column":26},"end":{"line":1676,"column":47}}},"103":{"name":"arrayMap","line":1694,"loc":{"start":{"line":1694,"column":0},"end":{"line":1694,"column":35}}},"104":{"name":"isSymbol","line":1725,"loc":{"start":{"line":1725,"column":0},"end":{"line":1725,"column":25}}},"105":{"name":"baseToString","line":1745,"loc":{"start":{"line":1745,"column":0},"end":{"line":1745,"column":29}}},"106":{"name":"baseSlice","line":1770,"loc":{"start":{"line":1770,"column":0},"end":{"line":1770,"column":38}}},"107":{"name":"castSlice","line":1800,"loc":{"start":{"line":1800,"column":0},"end":{"line":1800,"column":38}}},"108":{"name":"charsEndIndex","line":1815,"loc":{"start":{"line":1815,"column":0},"end":{"line":1815,"column":47}}},"109":{"name":"charsStartIndex","line":1831,"loc":{"start":{"line":1831,"column":0},"end":{"line":1831,"column":49}}},"110":{"name":"asciiToArray","line":1846,"loc":{"start":{"line":1846,"column":0},"end":{"line":1846,"column":30}}},"111":{"name":"hasUnicode","line":1869,"loc":{"start":{"line":1869,"column":0},"end":{"line":1869,"column":28}}},"112":{"name":"unicodeToArray","line":1906,"loc":{"start":{"line":1906,"column":0},"end":{"line":1906,"column":32}}},"113":{"name":"stringToArray","line":1917,"loc":{"start":{"line":1917,"column":0},"end":{"line":1917,"column":31}}},"114":{"name":"toString","line":1944,"loc":{"start":{"line":1944,"column":0},"end":{"line":1944,"column":25}}},"115":{"name":"trim","line":1973,"loc":{"start":{"line":1973,"column":0},"end":{"line":1973,"column":36}}},"116":{"name":"parseParams","line":1994,"loc":{"start":{"line":1994,"column":0},"end":{"line":1994,"column":27}}},"117":{"name":"(anonymous_117)","line":1998,"loc":{"start":{"line":1998,"column":20},"end":{"line":1998,"column":35}}},"118":{"name":"autoInject","line":2086,"loc":{"start":{"line":2086,"column":0},"end":{"line":2086,"column":37}}},"119":{"name":"(anonymous_119)","line":2089,"loc":{"start":{"line":2089,"column":22},"end":{"line":2089,"column":45}}},"120":{"name":"newTask","line":2114,"loc":{"start":{"line":2114,"column":8},"end":{"line":2114,"column":42}}},"121":{"name":"(anonymous_121)","line":2115,"loc":{"start":{"line":2115,"column":43},"end":{"line":2115,"column":59}}},"122":{"name":"fallback","line":2129,"loc":{"start":{"line":2129,"column":0},"end":{"line":2129,"column":22}}},"123":{"name":"wrap","line":2133,"loc":{"star
[...]
2.default)(callback || _noop2.default);","    var _iteratee = (0, _wrapAsync2.default)(iteratee);","","    (0, _eachOf2.default)(coll, function (v, k, cb) {","        _iteratee(accumulator, v, k, cb);","    }, function (err) {","        callback(err, accumulator);","    });","}","module.exports = exports['default'];"],"l":{"3":1,"6":1,"8":1,"10":1,"12":1,"14":1,"16":1,"18":1,"20":1,"22":1,"24":1,"26":1,"28":5,"72":1,"73":0,"74":0,"75":0,"76":0,"78":0,"79":0,"81":0,"82":0,"84":0,"87":1}},"/home/travis/build/npmtest/node-npmtest-async/node_modules/async/unmemoize.js":{"path":"/home/travis/build/npmtest/node-npmtest-async/node_modules/async/unmemoize.js","s":{"1":1,"2":1,"3":1,"4":0,"5":0,"6":1},"b":{"1":[0,0]},"f":{"1":0,"2":0},"fnMap":{"1":{"name":"unmemoize","line":20,"loc":{"start":{"line":20,"column":0},"end":{"line":20,"column":23}}},"2":{"name":"(anonymous_2)","line":21,"loc":{"start":{"line":21,"column":11},"end":{"line":21,"column":23}}}},"statementMap":{"1":{"start":{"line":3,"column":0},"end":{"line":5,"column":3}},"2":{"start":{"line":6,"column":0},"end":{"line":6,"column":28}},"3":{"start":{"line":20,"column":0},"end":{"line":24,"column":1}},"4":{"start":{"line":21,"column":4},"end":{"line":23,"column":6}},"5":{"start":{"line":22,"column":8},"end":{"line":22,"column":60}},"6":{"start":{"line":25,"column":0},"end":{"line":25,"column":36}}},"branchMap":{"1":{"line":22,"type":"binary-expr","locations":[{"start":{"line":22,"column":16},"end":{"line":22,"column":29}},{"start":{"line":22,"column":33},"end":{"line":22,"column":35}}]}},"code":["\"use strict\";","","Object.defineProperty(exports, \"__esModule\", {","    value: true","});","exports.default = unmemoize;","/**"," * Undoes a [memoize]{@link module:Utils.memoize}d function, reverting it to the original,"," * unmemoized form. Handy for testing."," *"," * @name unmemoize"," * @static"," * @memberOf module:Utils"," * @method"," * @see [async.memoize]{@link module:Utils.memoize}"," * @category Util"," * @param {AsyncFunction} fn - the memoized function"," * @returns {AsyncFunction} a function that calls the original unmemoized function"," */","function unmemoize(fn) {","    return function () {","        return (fn.unmemoized || fn).apply(null, arguments);","    };","}","module.exports = exports[\"default\"];"],"l":{"3":1,"6":1,"20":1,"21":0,"22":0,"25":1}},"/home/travis/build/npmtest/node-npmtest-async/node_modules/async/until.js":{"path":"/home/travis/build/npmtest/node-npmtest-async/node_modules/async/until.js","s":{"1":1,"2":1,"3":1,"4":1,"5":1,"6":1,"7":1,"8":0,"9":0,"10":1},"b":{"1":[0,1],"2":[1,1]},"f":{"1":1,"2":0,"3":0},"fnMap":{"1":{"name":"_interopRequireDefault","line":12,"loc":{"start":{"line":12,"column":0},"end":{"line":12,"column":37}}},"2":{"name":"until","line":36,"loc":{"start":{"line":36,"column":0},"end":{"line":36,"column":41}}},"3":{"name":"(anonymous_3)","line":37,"loc":{"start":{"line":37,"column":26},"end":{"line":37,"column":38}}}},"statementMap":{"1":{"start":{"line":3,"column":0},"end":{"line":5,"column":3}},"2":{"start":{"line":6,"column":0},"end":{"line":6,"column":24}},"3":{"start":{"line":8,"column":0},"end":{"line":8,"column":34}},"4":{"start":{"line":10,"column":0},"end":{"line":10,"column":47}},"5":{"start":{"line":12,"column":0},"end":{"line":12,"column":95}},"6":{"start":{"line":12,"column":39},"end":{"line":12,"column":93}},"7":{"start":{"line":36,"column":0},"end":{"line":40,"column":1}},"8":{"start":{"line":37,"column":4},"end":{"line":39,"column":27}},"9":{"start":{"line":38,"column":8},"end":{"line":38,"column":44}},"10":{"start":{"line":41,"column":0},"end":{"line":41,"column":36}}},"branchMap":{"1":{"line":12,"type":"cond-expr","locations":[{"start":{"line":12,"column":70},"end":{"line":12,"column":73}},{"start":{"line":12,"column":76},"end":{"line":12,"column":92}}]},"2":{"line":12,"type":"binary-expr","locations":[{"start":{"line":12,"column":46},"end":{"line":12,"column":49}},{"start":{"line":12,"column":53},"end":{"line":12,"column":67}}]}},"code":["'use strict';","","Object.defineProperty(exports, \"__esModule\", {","    value: true","});","exports.default = until;","","var _whilst = require('./whilst');","","var _whilst2 = _interopRequireDefault(_whilst);","","function _interopRequireDefault(obj) { return obj && obj.__esModule ? obj : { default: obj }; }","","/**"," * Repeatedly call `iteratee` until `test` returns `true`. Calls `callback` when"," * stopped, or an error occurs. `callback` will be passed an error and any"," * arguments passed to the final `iteratee`'s callback."," *"," * The inverse of [whilst]{@link module:ControlFlow.whilst}."," *"," * @name until"," * @static"," * @memberOf module:ControlFlow"," * @method"," * @see [async.whilst]{@link module:ControlFlow.whilst}"," * @category Control Flow"," * @param {Function} test - synchronous truth test to perform before each"," * execution of `iteratee`. Invoked with ()."," * @param {AsyncFunction} iteratee - An async function which is called each time"," * `test` fails. Invoked with (callback)."," * @param {Function} [callback] - A callback which is called after the test"," * function has passed and repeated execution of `iteratee` has stopped. `callback`"," * will be passed an error and any arguments passed to the final `iteratee`'s"," * callback. Invoked with (err, [results]);"," */","function until(test, iteratee, callback) {","    (0, _whilst2.default)(function () {","        return !test.apply(this, arguments);","    }, iteratee, callback);","}","module.exports = exports['default'];"],"l":{"3":1,"6":1,"8":1,"10":1,"12":1,"36":1,"37":0,"38":0,"41":1}},"/home/travis/build/npmtest/node-npmtest-async/node_modules/async/whilst.js":{"path":"/home/travis/build/npmtest/node-npmtest-async/node_modules/async/whilst.js","s":{"1":1,"2":1,"3":1,"4":1,"5":1,"6":1,"7":1,"8":1,"9":1,"10":1,"11":1,"12":4,"13":1,"14":0,"15":0,"16":0,"17":0,"18":0,"19":0,"20":0,"21":0,"22":0,"23":0,"24":0,"25":1},"b":{"1":[1,3],"2":[4,4],"3":[0,0],"4":[0,0],"5":[0,0],"6":[0,0]},"f":{"1":4,"2":0,"3":0},"fnMap":{"1":{"name":"_interopRequireDefault","line":24,"loc":{"start":{"line":24,"column":0},"end":{"line":24,"column":37}}},"2":{"name":"whilst","line":60,"loc":{"start":{"line":60,"column":0},"end":{"line":60,"column":42}}},"3":{"name":"(anonymous_3)","line":64,"loc":{"start":{"line":64,"column":35},"end":{"line":64,"column":56}}}},"statementMap":{"1":{"start":{"line":3,"column":0},"end":{"line":5,"column":3}},"2":{"start":{"line":6,"column":0},"end":{"line":6,"column":25}},"3":{"start":{"line":8,"column":0},"end":{"line":8,"column":35}},"4":{"start":{"line":10,"column":0},"end":{"line":10,"column":43}},"5":{"start":{"line":12,"column":0},"end":{"line":12,"column":39}},"6":{"start":{"line":14,"column":0},"end":{"line":14,"column":43}},"7":{"start":{"line":16,"column":0},"end":{"line":16,"column":47}},"8":{"start":{"line":18,"column":0},"end":{"line":18,"column":51}},"9":{"start":{"line":20,"column":0},"end":{"line":20,"column":49}},"10":{"start":{"line":22,"column":0},"end":{"line":22,"column":53}},"11":{"start":{"line":24,"column":0},"end":{"line":24,"column":95}},"12":{"start":{"line":24,"column":39},"end":{"line":24,"column":93}},"13":{"start":{"line":60,"column":0},"end":{"line":70,"column":1}},"14":{"start":{"line":61,"column":4},"end":{"line":61,"column":67}},"15":{"start":{"line":62,"column":4},"end":{"line":62,"column":55}},"16":{"start":{"line":63,"column":4},"end":{"line":63,"column":39}},"17":{"start":{"line":63,"column":17},"end":{"line":63,"column":39}},"18":{"start":{"line":64,"column":4},"end":{"line":68,"column":7}},"19":{"start":{"line":65,"column":8},"end":{"line":65,"column":38}},"20":{"start":{"line":65,"column":17},"end":{"line":65,"column":38}},"21":{"start":{"line":66,"column":8},"end":{"line":66,"column":43}},"22":{"start":{"line":66,"column":20},"end":{"line":66,"column":43}},"23":{"start":{"line":67,"column":8},"end":{"line":67,"column":50}},"24":{"start":{"line":69,"column":4},"end":{"line":69,"column":20}},"25":{"start":{"line":71,"column":0},"end":{"line":71,"column":36}}},"branchMap":{"1":{"line":24,"type":"cond-expr","locations":[{"start":{"line":24,"column":70},"end":{"line":24,"column":73}},{"start":{"line":24,"column":76},"end":{"line":24,"column":92}}]},"2":{"line":24,"type":"binary-expr","locations":[{"start":{"line":24,"column":46},"end":{"line":24,"column":49}},{"start":{"line":24,"column":53},"end":{"line":24,"column":67}}]},"3":{"line":61,"type":"binary-expr","locations":[{"start":{"line":61,"column":39},"end":{"line":61,"column":47}},{"start":{"line":61,"column":51},"end":{"line":61,"column":65}}]},"4":{"line":63,"type":"if","locations":[{"start":{"line":63,"column":4},"end":{"line":63,"column":4}},{"start":{"line":63,"column":4},"end":{"line":63,"column":4}}]},"5":{"line":65,"type":"if","locations":[{"start":{"line":65,"column":8},"end":{"line":65,"column":8}},{"start":{"line":65,"column":8},"end":{"line":65,"column":8}}]},"6":{"line":66,"type":"if","locations":[{"start":{"line":66,"column":8},"end":{"line":66,"column":8}},{"start":{"line":66,"column":8},"end":{"line":66,"column":8}}]}},"code":["'use strict';","","Object.defineProperty(exports, \"__esModule\", {","    value: true","});","exports.default = whilst;","","var _noop = require('lodash/noop');","","var _noop2 = _interopRequireDefault(_noop);","","var _rest = require('./internal/rest');","","var _rest2 = _interopRequireDefault(_rest);","","var _onlyOnce = require('./internal/onlyOnce');","","var _onlyOnce2 = _interopRequireDefault(_onlyOnce);","","var _wrapAsync = require('./internal/wrapAsync');","","var _wrapAsync2 = _interopRequireDefault(_wrapAsync);","","function _interopRequireDefault(obj) { return obj && obj.__esModule ? obj : { default: obj }; }","","/**"," * Repeatedly call `iteratee`, while `test` returns `true`. Calls `callback` when"," * stopped, or an error occurs."," *"," * @name whilst"," * @static"," * @memberOf module:ControlFlow"," * @method"," * @category Control Flow"," * @param {Function} test - synchronous truth test to perform before each"," * execution of `iteratee`. Invoked with ()."," * @param {AsyncFunction} iteratee - An async function which is called each time"," * `test` passes. Invoked with (callback)."," * @param {Function} [callback] - A callback which is called after the test"," * function has failed and repeated execution of `iteratee` has stopped. `callback`"," * will be passed an error and any arguments passed to the final `iteratee`'s"," * callback. Invoked with (err, [results]);"," * @returns undefined"," * @example"," *"," * var count = 0;"," * async.whilst("," *     function() { return count < 5; },"," *     function(callback) {"," *         count++;"," *         setTimeout(function() {"," *             callback(null, count);"," *         }, 1000);"," *     },"," *     function (err, n) {"," *         // 5 seconds have passed, n = 5"," *     }"," * );"," */","function whilst(test, iteratee, callback) {","    callback = (0, _onlyOnce2.default)(callback || _noop2.default);","    var _iteratee = (0, _wrapAsync2.default)(iteratee);","    if (!test()) return callback(null);","    var next = (0, _rest2.default)(function (err, args) {","        if (err) return callback(err);","        if (test()) return _iteratee(next);","        callback.apply(null, [null].concat(args));","    });","    _iteratee(next);","}","module.exports = exports['default'];"],"l":{"3":1,"6":1,"8":1,"10":1,"12":1,"14":1,"16":1,"18":1,"20":1,"22":1,"24":4,"60":1,"61":0,"62":0,"63":0,"64":0,"65":0,"66":0,"67":0,"69":0,"71":1}},"/home/travis/build/npmtest/node-npmtest-async/node_modules/async/waterfall.js":{"path":"/home/travis/build/npmtest/node-npmtest-async/node_modules/async/waterfall.js","s":{"1":1,"2":1,"3":0,"4":0,"5":0,"6":0,"7":0,"8":0,"9":1,"10":0,"11":0,"12":0,"13":0,"14":0,"15":0,"16":0,"17":0,"18":0,"19":0,"20":1,"21":1,"22":1,"23":1,"24":1,"25":1,"26":1,"27":1,"28":1,"29":1,"30":1,"31":1,"32":1,"33":6,"34":1},"b":{"1":[0,0],"2":[0,0],"3":[0,0],"4":[0,0],"5":[0,0],"6":[1,5],"7":[6,6]},"f":{"1":0,"2":0,"3":0,"4":6},"fnMap":{"1":{"name":"(anonymous_1)","line":7,"loc":{"start":{"line":7,"column":18},"end":{"line":7,"column":45}}},"2":{"name":"nextTask","line":13,"loc":{"start":{"line":13,"column":4},"end":{"line":13,"column":28}}},"3":{"name":"(anonymous_3)","line":18,"loc":{"start":{"line":18,"column":71},"end":{"line":18,"column":92}}},"4":{"name":"_interopRequireDefault","line":58,"loc":{"start":{"line":58,"column":0},"end":{"line":58,"column":37}}}},"statementMap":{"1":{"start":{"line":3,"column":0},"end":{"line":5,"column":3}},"2":{"start":{"line":7,"column":0},"end":{"line":32,"column":2}},"3":{"start":{"line":8,"column":4},"end":{"line":8,"column":63}},"4":{"start":{"line":9,"column":4},"end":{"line":9,"column":128}},"5":{"start":{"line":9,"column":40},"end":{"line":9,"column":128}},"6":{"start":{"line":10,"column":4},"end":{"line":10,"column":41}},"7":{"start":{"line":10,"column":23},"end":{"line":10,"column":41}},"8":{"start":{"line":11,"column":4},"end":{"line":11,"column":22}},"9":{"start":{"line":13,"column":4},"end":{"line":29,"column":5}},"10":{"start":{"line":14,"column":8},"end":{"line":16,"column":9}},"11":{"start":{"line":15,"column":12},"end":{"line":15,"column":61}},"12":{"start":{"line":18,"column":8},"end":{"line":23,"column":12}},"13":{"start":{"line":19,"column":12},"end":{"line":21,"column":13}},"14":{"start":{"line":20,"column":16},"end":{"line":20,"column":64}},"15":{"start":{"line":22,"column":12},"end":{"line":22,"column":27}},"16":{"start":{"line":25,"column":8},"end":{"line":25,"column":32}},"17":{"start":{"line":27,"column":8},"end":{"line":27,"column":64}},"18":{"start":{"line":28,"column":8},"end":{"line":28,"column":31}},"19":{"start":{"line":31,"column":4},"end":{"line":31,"column":17}},"20":{"start":{"line":34,"column":0},"end":{"line":34,"column":41}},"21":{"start":{"line":36,"column":0},"end":{"line":36,"column":49}},"22":{"start":{"line":38,"column":0},"end":{"line":38,"column":35}},"23":{"start":{"line":40,"column":0},"end":{"line":40,"column":43}},"24":{"start":{"line":42,"column":0},"end":{"line":42,"column":39}},"25":{"start":{"line":44,"column":0},"end":{"line":44,"column":43}},"26":{"start":{"line":46,"column":0},"end":{"line":46,"column":39}},"27":{"start":{"line":48,"column":0},"end":{"line":48,"column":43}},"28":{"start":{"line":50,"column":0},"end":{"line":50,"column":47}},"29":{"start":{"line":52,"column":0},"end":{"line":52,"column":51}},"30":{"start":{"line":54,"column":0},"end":{"line":54,"column":49}},"31":{"start":{"line":56,"column":0},"end":{"line":56,"column":53}},"32":{"start":{"line":58,"column":0},"end":{"line":58,"column":95}},"33":{"start":{"line":58,"column":39},"end":{"line":58,"column":93}},"34":{"start":{"line":60,"column":0},"end":{"line":60,"column":36}}},"branchMap":{"1":{"line":8,"type":"binary-expr","locations":[{"start":{"line":8,"column":35},"end":{"line":8,"column":43}},{"start":{"line":8,"column":47},"end":{"line":8,"column":61}}]},"2":{"line":9,"type":"if","locations":[{"start":{"line":9,"column":4},"end":{"line":9,"column":4}},{"start":{"line":9,"column":4},"end":{"line":9,"column":4}}]},"3":{"line":10,"type":"if","locations":[{"start":{"line":10,"column":4},"end":{"line":10,"column":4}},{"start":{"line":10,"column":4},"end":{"line":10,"column":4}}]},"4":{"line":14,"type":"if","locations":[{"start":{"line":14,"column":8},"end":{"line":14,"column":8}},{"start":{"line":14,"column":8},"end":{"line":14,"column":8}}]},"5":{"line":19,"type":"if","locations":[{"start":{"line":19,"column":12},"end":{"line":19,"column":12}},{"start":{"line":19,"column":12},"end":{"line":19,"column":12}}]},"6":{"line":58,"type":"cond-expr","locations":[{"start":{"line":58,"column":70},"end":{"line":58,"column":73}},{"start":{"line":58,"column":76},"end":{"line":58,"column":92}}]},"7":{"line":58,"type":"binary-expr","locations":[{"start":{"line":58,"column":46},"end":{"line":58,"column":49}},{"start":{"line":58,"column":53},"end":{"line":58,"column":67}}]}},"code":["'use strict';","","Object.defineProperty(exports, \"__esModule\", {","    value: true","});","","exports.default = function (tasks, callback) {","    callback = (0, _once2.default)(callback || _noop2.default);","    if (!(0, _isArray2.default)(tasks)) return callback(new Error('First argument to waterfall must be an array of functions'));","    if (!tasks.length) return callback();","    var taskIndex = 0;","","    function nextTask(args) {","        if (taskIndex === tasks.length) {","            return callback.apply(null, [null].concat(args));","        }","","        var taskCallback = (0, _onlyOnce2.default)((0, _rest2.default)(function (err, args) {","            if (err) {","                return callback.apply(null, [err].concat(args));","            }","            nextTask(args);","        }));","","        args.push(taskCallback);","","        var task = (0, _wrapAsync2.default)(tasks[taskIndex++]);","        task.apply(null, args);","    }","","    nextTask([]);","};","","var _isArray = require('lodash/isArray');","","var _isArray2 = _interopRequireDefault(_isArray);","","var _noop = require('lodash/noop');","","var _noop2 = _interopRequireDefault(_noop);","","var _once = require('./internal/once');","","var _once2 = _interopRequireDefault(_once);","","var _rest = require('./internal/rest');","","var _rest2 = _interopRequireDefault(_rest);","","var _onlyOnce = require('./internal/onlyOnce');","","var _onlyOnce2 = _interopRequireDefault(_onlyOnce);","","var _wrapAsync = require('./internal/wrapAsync');","","var _wrapAsync2 = _interopRequireDefault(_wrapAsync);","","function _interopRequireDefault(obj) { return obj && obj.__esModule ? obj : { default: obj }; }","","module.exports = exports['default'];","","/**"," * Runs the `tasks` array of functions in series, each passing their results to"," * the next in the array. However, if any of the `tasks` pass an error to their"," * own callback, the next function is not executed, and the main `callback` is"," * immediately called with the error."," *"," * @name waterfall"," * @static"," * @memberOf module:ControlFlow"," * @method"," * @category Control Flow"," * @param {Array} tasks - An array of [async functions]{@link AsyncFunction}"," * to run."," * Each function should complete with any number of `result` values."," * The `result` values will be passed as arguments, in order, to the next task."," * @param {Function} [callback] - An optional callback to run once all the"," * functions have completed. This will be passed the results of the last task's"," * callback. Invoked with (err, [results])."," * @returns undefined"," * @example"," *"," * async.waterfall(["," *     function(callback) {"," *         callback(null, 'one', 'two');"," *     },"," *     function(arg1, arg2, callback) {"," *         // arg1 now equals 'one' and arg2 now equals 'two'"," *         callback(null, 'three');"," *     },"," *     function(arg1, callback) {"," *         // arg1 now equals 'three'"," *         callback(null, 'done');"," *     }"," * ], function (err, result) {"," *     // result now equals 'done'"," * });"," *"," * // Or, with named functions:"," * async.waterfall(["," *     myFirstFunction,"," *     mySecondFunction,"," *     myLastFunction,"," * ], function (err, result) {"," *     // result now equals 'done'"," * });"," * function myFirstFunction(callback) {"," *     callback(null, 'one', 'two');"," * }"," * function mySecondFunction(arg1, arg2, callback) {"," *     // arg1 now equals 'one' and arg2 now equals 'two'"," *     callback(null, 'three');"," * }"," * function myLastFunction(arg1, callback) {"," *     // arg1 now equals 'three'"," *     callback(null, 'done');"," * }"," */"],"l":{"3":1,"7":1,"8":0,"9":0,"10":0,"11":0,"13":1,"14":0,"15":0,"18":0,"19":0,"20":0,"22":0,"25":0,"27":0,"28":0,"31":0,"34":1,"36":1,"38":1,"40":1,"42":1,"44":1,"46":1,"48":1,"50":1,"52":1,"54":1,"56":1,"58":6,"60":1}}}